2016/08/09 12:23:13 INFO  - jmeter.util.JMeterUtils: Setting Locale to en_US 
2016/08/09 12:23:13 INFO  - jmeter.JMeter: Loading user properties from: /Users/mradul/Downloads/apache-jmeter-3.0/bin/user.properties 
2016/08/09 12:23:13 INFO  - jmeter.JMeter: Loading system properties from: /Users/mradul/Downloads/apache-jmeter-3.0/bin/system.properties 
2016/08/09 12:23:13 WARN  - jmeter.JMeter: LogLevel: DEBUG 
2016/08/09 12:23:13 INFO  - jmeter.JMeter: Copyright (c) 1998-2016 The Apache Software Foundation 
2016/08/09 12:23:13 INFO  - jmeter.JMeter: Version 3.0 r1743807 
2016/08/09 12:23:13 INFO  - jmeter.JMeter: java.version=1.8.0_66 
2016/08/09 12:23:13 INFO  - jmeter.JMeter: java.vm.name=Java HotSpot(TM) 64-Bit Server VM 
2016/08/09 12:23:13 INFO  - jmeter.JMeter: os.name=Mac OS X 
2016/08/09 12:23:13 INFO  - jmeter.JMeter: os.arch=x86_64 
2016/08/09 12:23:13 INFO  - jmeter.JMeter: os.version=10.11.6 
2016/08/09 12:23:13 INFO  - jmeter.JMeter: file.encoding=UTF-8 
2016/08/09 12:23:13 INFO  - jmeter.JMeter: Max memory     =1029177344 
2016/08/09 12:23:13 INFO  - jmeter.JMeter: Available Processors =8 
2016/08/09 12:23:13 INFO  - jmeter.JMeter: Default Locale=English (United States) 
2016/08/09 12:23:13 INFO  - jmeter.JMeter: JMeter  Locale=English (United States) 
2016/08/09 12:23:13 INFO  - jmeter.JMeter: JMeterHome=/Users/mradul/Downloads/apache-jmeter-3.0 
2016/08/09 12:23:13 INFO  - jmeter.JMeter: user.dir  =/Users/mradul/Downloads/apache-jmeter-3.0/bin 
2016/08/09 12:23:13 INFO  - jmeter.JMeter: PWD       =/Users/mradul/Downloads/apache-jmeter-3.0/bin 
2016/08/09 12:23:13 INFO  - jmeter.JMeter: IP: 192.168.20.145 Name: mradulpandeys-MacBook-Pro-2.local FullName: 192.168.20.145 
2016/08/09 12:23:13 INFO  - jmeter.services.FileServer: Default base='/Users/mradul/Downloads/apache-jmeter-3.0/bin' 
2016/08/09 12:23:13 INFO  - jmeter.services.FileServer: Set new base='/Users/mradul/Projects/PublishingTechnology/blackjack/iworkspace/jmeter/target/jmeter/testFiles' 
2016/08/09 12:23:13 INFO  - jmeter.save.SaveService: Testplan (JMX) version: 2.2. Testlog (JTL) version: 2.2 
2016/08/09 12:23:13 INFO  - jmeter.save.SaveService: Using SaveService properties file encoding UTF-8 
2016/08/09 12:23:13 INFO  - jmeter.save.SaveService: Using SaveService properties version 2.9 
2016/08/09 12:23:13 INFO  - jmeter.save.SaveService: All converter versions present and correct 
2016/08/09 12:23:13 INFO  - jmeter.save.SaveService: Loading file: /Users/mradul/Projects/PublishingTechnology/blackjack/iworkspace/jmeter/target/jmeter/testFiles/AIP.jmx 
2016/08/09 12:23:13 INFO  - jmeter.protocol.http.control.CacheManager: Will only cache the following methods: [GET] 
2016/08/09 12:23:13 INFO  - jmeter.protocol.http.control.CookieManager: Settings: Delete null: true Check: true Allow variable: true Save: false Prefix: COOKIE_ 
2016/08/09 12:23:13 INFO  - jmeter.protocol.http.sampler.HTTPSamplerBase: Parser for text/html is org.apache.jmeter.protocol.http.parser.LagartoBasedHtmlParser 
2016/08/09 12:23:13 INFO  - jmeter.protocol.http.sampler.HTTPSamplerBase: Parser for application/xhtml+xml is org.apache.jmeter.protocol.http.parser.LagartoBasedHtmlParser 
2016/08/09 12:23:13 INFO  - jmeter.protocol.http.sampler.HTTPSamplerBase: Parser for application/xml is org.apache.jmeter.protocol.http.parser.LagartoBasedHtmlParser 
2016/08/09 12:23:13 INFO  - jmeter.protocol.http.sampler.HTTPSamplerBase: Parser for text/xml is org.apache.jmeter.protocol.http.parser.LagartoBasedHtmlParser 
2016/08/09 12:23:13 INFO  - jmeter.protocol.http.sampler.HTTPSamplerBase: Parser for text/vnd.wap.wml is org.apache.jmeter.protocol.http.parser.RegexpHTMLParser 
2016/08/09 12:23:13 INFO  - jmeter.protocol.http.sampler.HTTPSamplerBase: Parser for text/css is org.apache.jmeter.protocol.http.parser.CssParser 
2016/08/09 12:23:13 INFO  - jmeter.JMeter: Creating summariser <summary> 
2016/08/09 12:23:13 INFO  - jmeter.engine.StandardJMeterEngine: Running the test! 
2016/08/09 12:23:13 INFO  - jmeter.samplers.SampleEvent: List of sample_variables: [] 
2016/08/09 12:23:13 INFO  - jmeter.samplers.SampleEvent: List of sample_variables: [] 
2016/08/09 12:23:13 INFO  - jmeter.engine.util.CompoundVariable: Note: Function class names must contain the string: '.functions.' 
2016/08/09 12:23:13 INFO  - jmeter.engine.util.CompoundVariable: Note: Function class names must not contain the string: '.gui.' 
2016/08/09 12:23:14 INFO  - jmeter.JMeter: Running test (1470725594095) 
2016/08/09 12:23:14 INFO  - jmeter.engine.StandardJMeterEngine: Starting ThreadGroup: 1 : Aip Visitors 
2016/08/09 12:23:14 INFO  - jmeter.engine.StandardJMeterEngine: Starting 10 threads for group Aip Visitors. 
2016/08/09 12:23:14 INFO  - jmeter.engine.StandardJMeterEngine: Thread will stop on error 
2016/08/09 12:23:14 INFO  - jmeter.threads.ThreadGroup: Starting thread group number 1 threads 10 ramp-up 2 perThread 200.0 delayedStart=false 
2016/08/09 12:23:14 INFO  - jmeter.threads.JMeterThread: Thread started: Aip Visitors 1-1 
2016/08/09 12:23:14 INFO  - jmeter.threads.ThreadGroup: Started thread group number 1 
2016/08/09 12:23:14 INFO  - jmeter.engine.StandardJMeterEngine: All thread groups have been started 
2016/08/09 12:23:14 INFO  - jmeter.protocol.http.sampler.HTTPHCAbstractImpl: Local host = mradulpandeys-MacBook-Pro-2.local 
2016/08/09 12:23:14 INFO  - jmeter.protocol.http.sampler.HTTPHC4Impl: HTTP request retry count = 0 
2016/08/09 12:23:14 INFO  - jmeter.samplers.SampleResult: Note: Sample TimeStamps are START times 
2016/08/09 12:23:14 INFO  - jmeter.samplers.SampleResult: sampleresult.default.encoding is set to ISO-8859-1 
2016/08/09 12:23:14 INFO  - jmeter.samplers.SampleResult: sampleresult.useNanoTime=true 
2016/08/09 12:23:14 INFO  - jmeter.samplers.SampleResult: sampleresult.nanoThreadSleep=5000 
2016/08/09 12:23:14 DEBUG - org.apache.jmeter.protocol.http.sampler.MeasuringConnectionManager: Connection request: [route: {}->http://x-aip-live-05.ingenta.com:80][state: Aip Visitors 1-1][total kept alive: 0; route allocated: 0 of 2; total allocated: 0 of 20] 
2016/08/09 12:23:14 DEBUG - org.apache.jmeter.protocol.http.sampler.MeasuringConnectionManager: Connection leased: [id: 0][route: {}->http://x-aip-live-05.ingenta.com:80][total kept alive: 0; route allocated: 1 of 2; total allocated: 1 of 20] 
2016/08/09 12:23:14 INFO  - jmeter.threads.JMeterThread: Thread started: Aip Visitors 1-2 
2016/08/09 12:23:14 DEBUG - org.apache.jmeter.protocol.http.sampler.MeasuringConnectionManager: Connection request: [route: {}->http://x-aip-live-05.ingenta.com:80][state: Aip Visitors 1-2][total kept alive: 0; route allocated: 0 of 2; total allocated: 0 of 20] 
2016/08/09 12:23:14 DEBUG - org.apache.jmeter.protocol.http.sampler.MeasuringConnectionManager: Connection leased: [id: 1][route: {}->http://x-aip-live-05.ingenta.com:80][total kept alive: 0; route allocated: 1 of 2; total allocated: 1 of 20] 
2016/08/09 12:23:14 INFO  - jmeter.threads.JMeterThread: Thread started: Aip Visitors 1-3 
2016/08/09 12:23:14 DEBUG - org.apache.jmeter.protocol.http.sampler.MeasuringConnectionManager: Connection request: [route: {}->http://x-aip-live-05.ingenta.com:80][state: Aip Visitors 1-3][total kept alive: 0; route allocated: 0 of 2; total allocated: 0 of 20] 
2016/08/09 12:23:14 DEBUG - org.apache.jmeter.protocol.http.sampler.MeasuringConnectionManager: Connection leased: [id: 2][route: {}->http://x-aip-live-05.ingenta.com:80][total kept alive: 0; route allocated: 1 of 2; total allocated: 1 of 20] 
2016/08/09 12:23:14 DEBUG - org.apache.jmeter.protocol.http.sampler.JMeterClientConnectionOperator: Connecting to x-aip-live-05.ingenta.com:80 
2016/08/09 12:23:14 DEBUG - org.apache.jmeter.protocol.http.sampler.JMeterClientConnectionOperator: Connecting to x-aip-live-05.ingenta.com:80 
2016/08/09 12:23:14 DEBUG - org.apache.jmeter.protocol.http.sampler.JMeterClientConnectionOperator: Connecting to x-aip-live-05.ingenta.com:80 
2016/08/09 12:23:14 DEBUG - org.apache.http.client.protocol.RequestAddCookies: CookieSpec selected: ignoreCookies 
2016/08/09 12:23:14 DEBUG - org.apache.http.client.protocol.RequestAddCookies: CookieSpec selected: ignoreCookies 
2016/08/09 12:23:14 DEBUG - org.apache.http.client.protocol.RequestAddCookies: CookieSpec selected: ignoreCookies 
2016/08/09 12:23:14 DEBUG - org.apache.http.client.protocol.RequestAuthCache: Auth cache not set in the context 
2016/08/09 12:23:14 DEBUG - org.apache.http.client.protocol.RequestAuthCache: Auth cache not set in the context 
2016/08/09 12:23:14 DEBUG - org.apache.http.client.protocol.RequestAuthCache: Auth cache not set in the context 
2016/08/09 12:23:14 DEBUG - org.apache.http.client.protocol.RequestTargetAuthentication: Target auth state: UNCHALLENGED 
2016/08/09 12:23:14 DEBUG - org.apache.http.client.protocol.RequestTargetAuthentication: Target auth state: UNCHALLENGED 
2016/08/09 12:23:14 DEBUG - org.apache.http.client.protocol.RequestTargetAuthentication: Target auth state: UNCHALLENGED 
2016/08/09 12:23:14 DEBUG - org.apache.http.client.protocol.RequestProxyAuthentication: Proxy auth state: UNCHALLENGED 
2016/08/09 12:23:14 DEBUG - org.apache.http.client.protocol.RequestProxyAuthentication: Proxy auth state: UNCHALLENGED 
2016/08/09 12:23:14 DEBUG - org.apache.http.client.protocol.RequestProxyAuthentication: Proxy auth state: UNCHALLENGED 
2016/08/09 12:23:14 DEBUG - org.apache.jmeter.protocol.http.sampler.HTTPHC4Impl$7: Attempt 1 to execute request 
2016/08/09 12:23:14 DEBUG - org.apache.jmeter.protocol.http.sampler.HTTPHC4Impl$7: Attempt 1 to execute request 
2016/08/09 12:23:14 DEBUG - org.apache.jmeter.protocol.http.sampler.HTTPHC4Impl$7: Attempt 1 to execute request 
2016/08/09 12:23:14 DEBUG - org.apache.jmeter.protocol.http.sampler.JMeterClientConnectionOperator$JMeterDefaultClientConnection: Sending request: GET /index.html HTTP/1.1 
2016/08/09 12:23:14 DEBUG - org.apache.jmeter.protocol.http.sampler.JMeterClientConnectionOperator$JMeterDefaultClientConnection: Sending request: GET /index.html HTTP/1.1 
2016/08/09 12:23:14 DEBUG - org.apache.jmeter.protocol.http.sampler.JMeterClientConnectionOperator$JMeterDefaultClientConnection: Sending request: GET /index.html HTTP/1.1 
2016/08/09 12:23:14 DEBUG - org.apache.http.wire:  >> "GET /index.html HTTP/1.1[\r][\n]" 
2016/08/09 12:23:14 DEBUG - org.apache.http.wire:  >> "GET /index.html HTTP/1.1[\r][\n]" 
2016/08/09 12:23:14 DEBUG - org.apache.http.wire:  >> "GET /index.html HTTP/1.1[\r][\n]" 
2016/08/09 12:23:14 DEBUG - org.apache.http.wire:  >> "Connection: keep-alive[\r][\n]" 
2016/08/09 12:23:14 DEBUG - org.apache.http.wire:  >> "Host: x-aip-live-05.ingenta.com[\r][\n]" 
2016/08/09 12:23:14 DEBUG - org.apache.http.wire:  >> "User-Agent: Apache-HttpClient/4.5.2 (Java/1.8.0_66)[\r][\n]" 
2016/08/09 12:23:14 DEBUG - org.apache.http.wire:  >> "[\r][\n]" 
2016/08/09 12:23:14 DEBUG - org.apache.http.headers: >> GET /index.html HTTP/1.1 
2016/08/09 12:23:14 DEBUG - org.apache.http.headers: >> Connection: keep-alive 
2016/08/09 12:23:14 DEBUG - org.apache.http.headers: >> Host: x-aip-live-05.ingenta.com 
2016/08/09 12:23:14 DEBUG - org.apache.http.headers: >> User-Agent: Apache-HttpClient/4.5.2 (Java/1.8.0_66) 
2016/08/09 12:23:14 DEBUG - org.apache.http.wire:  >> "Connection: keep-alive[\r][\n]" 
2016/08/09 12:23:14 DEBUG - org.apache.http.wire:  >> "Host: x-aip-live-05.ingenta.com[\r][\n]" 
2016/08/09 12:23:14 DEBUG - org.apache.http.wire:  >> "User-Agent: Apache-HttpClient/4.5.2 (Java/1.8.0_66)[\r][\n]" 
2016/08/09 12:23:14 DEBUG - org.apache.http.wire:  >> "[\r][\n]" 
2016/08/09 12:23:14 DEBUG - org.apache.http.headers: >> GET /index.html HTTP/1.1 
2016/08/09 12:23:14 DEBUG - org.apache.http.headers: >> Connection: keep-alive 
2016/08/09 12:23:14 DEBUG - org.apache.http.headers: >> Host: x-aip-live-05.ingenta.com 
2016/08/09 12:23:14 DEBUG - org.apache.http.headers: >> User-Agent: Apache-HttpClient/4.5.2 (Java/1.8.0_66) 
2016/08/09 12:23:14 DEBUG - org.apache.http.wire:  >> "Connection: keep-alive[\r][\n]" 
2016/08/09 12:23:14 DEBUG - org.apache.http.wire:  >> "Host: x-aip-live-05.ingenta.com[\r][\n]" 
2016/08/09 12:23:14 DEBUG - org.apache.http.wire:  >> "User-Agent: Apache-HttpClient/4.5.2 (Java/1.8.0_66)[\r][\n]" 
2016/08/09 12:23:14 DEBUG - org.apache.http.wire:  >> "[\r][\n]" 
2016/08/09 12:23:14 DEBUG - org.apache.http.headers: >> GET /index.html HTTP/1.1 
2016/08/09 12:23:14 DEBUG - org.apache.http.headers: >> Connection: keep-alive 
2016/08/09 12:23:14 DEBUG - org.apache.http.headers: >> Host: x-aip-live-05.ingenta.com 
2016/08/09 12:23:14 DEBUG - org.apache.http.headers: >> User-Agent: Apache-HttpClient/4.5.2 (Java/1.8.0_66) 
2016/08/09 12:23:14 INFO  - jmeter.threads.JMeterThread: Thread started: Aip Visitors 1-4 
2016/08/09 12:23:14 DEBUG - org.apache.jmeter.protocol.http.sampler.MeasuringConnectionManager: Connection request: [route: {}->http://x-aip-live-05.ingenta.com:80][state: Aip Visitors 1-4][total kept alive: 0; route allocated: 0 of 2; total allocated: 0 of 20] 
2016/08/09 12:23:14 DEBUG - org.apache.jmeter.protocol.http.sampler.MeasuringConnectionManager: Connection leased: [id: 3][route: {}->http://x-aip-live-05.ingenta.com:80][total kept alive: 0; route allocated: 1 of 2; total allocated: 1 of 20] 
2016/08/09 12:23:14 DEBUG - org.apache.jmeter.protocol.http.sampler.JMeterClientConnectionOperator: Connecting to x-aip-live-05.ingenta.com:80 
2016/08/09 12:23:14 DEBUG - org.apache.http.client.protocol.RequestAddCookies: CookieSpec selected: ignoreCookies 
2016/08/09 12:23:14 DEBUG - org.apache.http.client.protocol.RequestAuthCache: Auth cache not set in the context 
2016/08/09 12:23:14 DEBUG - org.apache.http.client.protocol.RequestTargetAuthentication: Target auth state: UNCHALLENGED 
2016/08/09 12:23:14 DEBUG - org.apache.http.client.protocol.RequestProxyAuthentication: Proxy auth state: UNCHALLENGED 
2016/08/09 12:23:14 DEBUG - org.apache.jmeter.protocol.http.sampler.HTTPHC4Impl$7: Attempt 1 to execute request 
2016/08/09 12:23:14 DEBUG - org.apache.jmeter.protocol.http.sampler.JMeterClientConnectionOperator$JMeterDefaultClientConnection: Sending request: GET /index.html HTTP/1.1 
2016/08/09 12:23:14 DEBUG - org.apache.http.wire:  >> "GET /index.html HTTP/1.1[\r][\n]" 
2016/08/09 12:23:14 DEBUG - org.apache.http.wire:  >> "Connection: keep-alive[\r][\n]" 
2016/08/09 12:23:14 DEBUG - org.apache.http.wire:  >> "Host: x-aip-live-05.ingenta.com[\r][\n]" 
2016/08/09 12:23:14 DEBUG - org.apache.http.wire:  >> "User-Agent: Apache-HttpClient/4.5.2 (Java/1.8.0_66)[\r][\n]" 
2016/08/09 12:23:14 DEBUG - org.apache.http.wire:  >> "[\r][\n]" 
2016/08/09 12:23:14 DEBUG - org.apache.http.headers: >> GET /index.html HTTP/1.1 
2016/08/09 12:23:14 DEBUG - org.apache.http.headers: >> Connection: keep-alive 
2016/08/09 12:23:14 DEBUG - org.apache.http.headers: >> Host: x-aip-live-05.ingenta.com 
2016/08/09 12:23:14 DEBUG - org.apache.http.headers: >> User-Agent: Apache-HttpClient/4.5.2 (Java/1.8.0_66) 
2016/08/09 12:23:14 INFO  - jmeter.threads.JMeterThread: Thread started: Aip Visitors 1-5 
2016/08/09 12:23:14 DEBUG - org.apache.jmeter.protocol.http.sampler.MeasuringConnectionManager: Connection request: [route: {}->http://x-aip-live-05.ingenta.com:80][state: Aip Visitors 1-5][total kept alive: 0; route allocated: 0 of 2; total allocated: 0 of 20] 
2016/08/09 12:23:14 DEBUG - org.apache.jmeter.protocol.http.sampler.MeasuringConnectionManager: Connection leased: [id: 4][route: {}->http://x-aip-live-05.ingenta.com:80][total kept alive: 0; route allocated: 1 of 2; total allocated: 1 of 20] 
2016/08/09 12:23:14 DEBUG - org.apache.jmeter.protocol.http.sampler.JMeterClientConnectionOperator: Connecting to x-aip-live-05.ingenta.com:80 
2016/08/09 12:23:14 DEBUG - org.apache.http.client.protocol.RequestAddCookies: CookieSpec selected: ignoreCookies 
2016/08/09 12:23:14 DEBUG - org.apache.http.client.protocol.RequestAuthCache: Auth cache not set in the context 
2016/08/09 12:23:14 DEBUG - org.apache.http.client.protocol.RequestTargetAuthentication: Target auth state: UNCHALLENGED 
2016/08/09 12:23:14 DEBUG - org.apache.http.client.protocol.RequestProxyAuthentication: Proxy auth state: UNCHALLENGED 
2016/08/09 12:23:14 DEBUG - org.apache.jmeter.protocol.http.sampler.HTTPHC4Impl$7: Attempt 1 to execute request 
2016/08/09 12:23:14 DEBUG - org.apache.jmeter.protocol.http.sampler.JMeterClientConnectionOperator$JMeterDefaultClientConnection: Sending request: GET /index.html HTTP/1.1 
2016/08/09 12:23:14 DEBUG - org.apache.http.wire:  >> "GET /index.html HTTP/1.1[\r][\n]" 
2016/08/09 12:23:14 DEBUG - org.apache.http.wire:  >> "Connection: keep-alive[\r][\n]" 
2016/08/09 12:23:14 DEBUG - org.apache.http.wire:  >> "Host: x-aip-live-05.ingenta.com[\r][\n]" 
2016/08/09 12:23:14 DEBUG - org.apache.http.wire:  >> "User-Agent: Apache-HttpClient/4.5.2 (Java/1.8.0_66)[\r][\n]" 
2016/08/09 12:23:14 DEBUG - org.apache.http.wire:  >> "[\r][\n]" 
2016/08/09 12:23:14 DEBUG - org.apache.http.headers: >> GET /index.html HTTP/1.1 
2016/08/09 12:23:14 DEBUG - org.apache.http.headers: >> Connection: keep-alive 
2016/08/09 12:23:14 DEBUG - org.apache.http.headers: >> Host: x-aip-live-05.ingenta.com 
2016/08/09 12:23:14 DEBUG - org.apache.http.headers: >> User-Agent: Apache-HttpClient/4.5.2 (Java/1.8.0_66) 
2016/08/09 12:23:15 DEBUG - org.apache.http.wire:  << "HTTP/1.1 401 Authorization Required[\r][\n]" 
2016/08/09 12:23:15 DEBUG - org.apache.http.wire:  << "Date: Tue, 09 Aug 2016 06:53:14 GMT[\r][\n]" 
2016/08/09 12:23:15 DEBUG - org.apache.http.wire:  << "Server: Apache/2.2.16 (Debian)[\r][\n]" 
2016/08/09 12:23:15 DEBUG - org.apache.http.wire:  << "WWW-Authenticate: Basic realm="Beta Pub2Web"[\r][\n]" 
2016/08/09 12:23:15 DEBUG - org.apache.http.wire:  << "Vary: Accept-Encoding[\r][\n]" 
2016/08/09 12:23:15 DEBUG - org.apache.http.wire:  << "Content-Length: 492[\r][\n]" 
2016/08/09 12:23:15 DEBUG - org.apache.http.wire:  << "Keep-Alive: timeout=2, max=100[\r][\n]" 
2016/08/09 12:23:15 DEBUG - org.apache.http.wire:  << "Connection: Keep-Alive[\r][\n]" 
2016/08/09 12:23:15 DEBUG - org.apache.http.wire:  << "Content-Type: text/html; charset=iso-8859-1[\r][\n]" 
2016/08/09 12:23:15 DEBUG - org.apache.http.wire:  << "[\r][\n]" 
2016/08/09 12:23:15 DEBUG - org.apache.jmeter.protocol.http.sampler.JMeterClientConnectionOperator$JMeterDefaultClientConnection: Receiving response: HTTP/1.1 401 Authorization Required 
2016/08/09 12:23:15 DEBUG - org.apache.http.headers: << HTTP/1.1 401 Authorization Required 
2016/08/09 12:23:15 DEBUG - org.apache.http.headers: << Date: Tue, 09 Aug 2016 06:53:14 GMT 
2016/08/09 12:23:15 DEBUG - org.apache.http.headers: << Server: Apache/2.2.16 (Debian) 
2016/08/09 12:23:15 DEBUG - org.apache.http.headers: << WWW-Authenticate: Basic realm="Beta Pub2Web" 
2016/08/09 12:23:15 DEBUG - org.apache.http.headers: << Vary: Accept-Encoding 
2016/08/09 12:23:15 DEBUG - org.apache.http.headers: << Content-Length: 492 
2016/08/09 12:23:15 DEBUG - org.apache.http.headers: << Keep-Alive: timeout=2, max=100 
2016/08/09 12:23:15 DEBUG - org.apache.http.headers: << Connection: Keep-Alive 
2016/08/09 12:23:15 DEBUG - org.apache.http.headers: << Content-Type: text/html; charset=iso-8859-1 
2016/08/09 12:23:15 DEBUG - org.apache.http.wire:  << "HTTP/1.1 401 Authorization Required[\r][\n]" 
2016/08/09 12:23:15 DEBUG - org.apache.http.wire:  << "Date: Tue, 09 Aug 2016 06:53:14 GMT[\r][\n]" 
2016/08/09 12:23:15 DEBUG - org.apache.http.wire:  << "Server: Apache/2.2.16 (Debian)[\r][\n]" 
2016/08/09 12:23:15 DEBUG - org.apache.http.wire:  << "WWW-Authenticate: Basic realm="Beta Pub2Web"[\r][\n]" 
2016/08/09 12:23:15 DEBUG - org.apache.http.wire:  << "Vary: Accept-Encoding[\r][\n]" 
2016/08/09 12:23:15 DEBUG - org.apache.http.wire:  << "Content-Length: 492[\r][\n]" 
2016/08/09 12:23:15 DEBUG - org.apache.http.wire:  << "Keep-Alive: timeout=2, max=100[\r][\n]" 
2016/08/09 12:23:15 DEBUG - org.apache.http.wire:  << "Connection: Keep-Alive[\r][\n]" 
2016/08/09 12:23:15 DEBUG - org.apache.http.wire:  << "Content-Type: text/html; charset=iso-8859-1[\r][\n]" 
2016/08/09 12:23:15 DEBUG - org.apache.http.wire:  << "[\r][\n]" 
2016/08/09 12:23:15 DEBUG - org.apache.jmeter.protocol.http.sampler.JMeterClientConnectionOperator$JMeterDefaultClientConnection: Receiving response: HTTP/1.1 401 Authorization Required 
2016/08/09 12:23:15 DEBUG - org.apache.http.headers: << HTTP/1.1 401 Authorization Required 
2016/08/09 12:23:15 DEBUG - org.apache.http.headers: << Date: Tue, 09 Aug 2016 06:53:14 GMT 
2016/08/09 12:23:15 DEBUG - org.apache.http.headers: << Server: Apache/2.2.16 (Debian) 
2016/08/09 12:23:15 DEBUG - org.apache.http.headers: << WWW-Authenticate: Basic realm="Beta Pub2Web" 
2016/08/09 12:23:15 DEBUG - org.apache.http.headers: << Vary: Accept-Encoding 
2016/08/09 12:23:15 DEBUG - org.apache.http.headers: << Content-Length: 492 
2016/08/09 12:23:15 DEBUG - org.apache.http.headers: << Keep-Alive: timeout=2, max=100 
2016/08/09 12:23:15 DEBUG - org.apache.jmeter.protocol.http.sampler.HTTPHC4Impl$7: Connection can be kept alive for 2000 MILLISECONDS 
2016/08/09 12:23:15 DEBUG - org.apache.http.headers: << Connection: Keep-Alive 
2016/08/09 12:23:15 DEBUG - org.apache.http.headers: << Content-Type: text/html; charset=iso-8859-1 
2016/08/09 12:23:15 DEBUG - org.apache.jmeter.protocol.http.sampler.HTTPHC4Impl$7: Authentication required 
2016/08/09 12:23:15 DEBUG - org.apache.jmeter.protocol.http.sampler.HTTPHC4Impl$7: Connection can be kept alive for 2000 MILLISECONDS 
2016/08/09 12:23:15 DEBUG - org.apache.jmeter.protocol.http.sampler.HTTPHC4Impl$7: Authentication required 
2016/08/09 12:23:15 DEBUG - org.apache.jmeter.protocol.http.sampler.HTTPHC4Impl$7: x-aip-live-05.ingenta.com:80 requested authentication 
2016/08/09 12:23:15 DEBUG - org.apache.jmeter.protocol.http.sampler.HTTPHC4Impl$7: x-aip-live-05.ingenta.com:80 requested authentication 
2016/08/09 12:23:15 DEBUG - org.apache.http.impl.client.TargetAuthenticationStrategy: Authentication schemes in the order of preference: [Negotiate, Kerberos, NTLM, Digest, Basic] 
2016/08/09 12:23:15 DEBUG - org.apache.http.impl.client.TargetAuthenticationStrategy: Authentication schemes in the order of preference: [Negotiate, Kerberos, NTLM, Digest, Basic] 
2016/08/09 12:23:15 DEBUG - org.apache.http.impl.client.TargetAuthenticationStrategy: Challenge for Negotiate authentication scheme not available 
2016/08/09 12:23:15 DEBUG - org.apache.http.impl.client.TargetAuthenticationStrategy: Challenge for Negotiate authentication scheme not available 
2016/08/09 12:23:15 DEBUG - org.apache.http.impl.client.TargetAuthenticationStrategy: Challenge for Kerberos authentication scheme not available 
2016/08/09 12:23:15 DEBUG - org.apache.http.impl.client.TargetAuthenticationStrategy: Challenge for NTLM authentication scheme not available 
2016/08/09 12:23:15 DEBUG - org.apache.http.impl.client.TargetAuthenticationStrategy: Challenge for Digest authentication scheme not available 
2016/08/09 12:23:15 DEBUG - org.apache.http.impl.client.TargetAuthenticationStrategy: Challenge for Kerberos authentication scheme not available 
2016/08/09 12:23:15 DEBUG - org.apache.http.impl.client.TargetAuthenticationStrategy: Challenge for NTLM authentication scheme not available 
2016/08/09 12:23:15 DEBUG - org.apache.http.impl.client.TargetAuthenticationStrategy: Challenge for Digest authentication scheme not available 
2016/08/09 12:23:15 DEBUG - org.apache.http.wire:  << "HTTP/1.1 401 Authorization Required[\r][\n]" 
2016/08/09 12:23:15 DEBUG - org.apache.http.wire:  << "Date: Tue, 09 Aug 2016 06:53:14 GMT[\r][\n]" 
2016/08/09 12:23:15 DEBUG - org.apache.http.wire:  << "Server: Apache/2.2.16 (Debian)[\r][\n]" 
2016/08/09 12:23:15 DEBUG - org.apache.http.wire:  << "WWW-Authenticate: Basic realm="Beta Pub2Web"[\r][\n]" 
2016/08/09 12:23:15 DEBUG - org.apache.http.wire:  << "Vary: Accept-Encoding[\r][\n]" 
2016/08/09 12:23:15 DEBUG - org.apache.http.wire:  << "Content-Length: 492[\r][\n]" 
2016/08/09 12:23:15 DEBUG - org.apache.http.wire:  << "Keep-Alive: timeout=2, max=100[\r][\n]" 
2016/08/09 12:23:15 DEBUG - org.apache.http.wire:  << "Connection: Keep-Alive[\r][\n]" 
2016/08/09 12:23:15 DEBUG - org.apache.http.wire:  << "Content-Type: text/html; charset=iso-8859-1[\r][\n]" 
2016/08/09 12:23:15 DEBUG - org.apache.http.wire:  << "[\r][\n]" 
2016/08/09 12:23:15 DEBUG - org.apache.jmeter.protocol.http.sampler.JMeterClientConnectionOperator$JMeterDefaultClientConnection: Receiving response: HTTP/1.1 401 Authorization Required 
2016/08/09 12:23:15 DEBUG - org.apache.http.headers: << HTTP/1.1 401 Authorization Required 
2016/08/09 12:23:15 DEBUG - org.apache.http.headers: << Date: Tue, 09 Aug 2016 06:53:14 GMT 
2016/08/09 12:23:15 DEBUG - org.apache.http.headers: << Server: Apache/2.2.16 (Debian) 
2016/08/09 12:23:15 DEBUG - org.apache.http.headers: << WWW-Authenticate: Basic realm="Beta Pub2Web" 
2016/08/09 12:23:15 DEBUG - org.apache.http.headers: << Vary: Accept-Encoding 
2016/08/09 12:23:15 DEBUG - org.apache.http.headers: << Content-Length: 492 
2016/08/09 12:23:15 DEBUG - org.apache.http.headers: << Keep-Alive: timeout=2, max=100 
2016/08/09 12:23:15 DEBUG - org.apache.http.headers: << Connection: Keep-Alive 
2016/08/09 12:23:15 DEBUG - org.apache.http.headers: << Content-Type: text/html; charset=iso-8859-1 
2016/08/09 12:23:15 DEBUG - org.apache.jmeter.protocol.http.sampler.HTTPHC4Impl$7: Connection can be kept alive for 2000 MILLISECONDS 
2016/08/09 12:23:15 DEBUG - org.apache.jmeter.protocol.http.sampler.HTTPHC4Impl$7: Authentication required 
2016/08/09 12:23:15 DEBUG - org.apache.jmeter.protocol.http.sampler.HTTPHC4Impl$7: x-aip-live-05.ingenta.com:80 requested authentication 
2016/08/09 12:23:15 DEBUG - org.apache.http.impl.client.TargetAuthenticationStrategy: Authentication schemes in the order of preference: [Negotiate, Kerberos, NTLM, Digest, Basic] 
2016/08/09 12:23:15 DEBUG - org.apache.http.impl.client.TargetAuthenticationStrategy: Challenge for Negotiate authentication scheme not available 
2016/08/09 12:23:15 DEBUG - org.apache.http.impl.client.TargetAuthenticationStrategy: Challenge for Kerberos authentication scheme not available 
2016/08/09 12:23:15 DEBUG - org.apache.http.impl.client.TargetAuthenticationStrategy: Challenge for NTLM authentication scheme not available 
2016/08/09 12:23:15 DEBUG - org.apache.http.impl.client.TargetAuthenticationStrategy: Challenge for Digest authentication scheme not available 
2016/08/09 12:23:15 DEBUG - org.apache.http.wire:  << "<!DOCTYPE HTML PUBLIC "-//IETF//DTD HTML 2.0//EN">[\n]" 
2016/08/09 12:23:15 DEBUG - org.apache.http.wire:  << "<!DOCTYPE HTML PUBLIC "-//IETF//DTD HTML 2.0//EN">[\n]" 
2016/08/09 12:23:15 DEBUG - org.apache.http.wire:  << "<!DOCTYPE HTML PUBLIC "-//IETF//DTD HTML 2.0//EN">[\n]" 
2016/08/09 12:23:15 DEBUG - org.apache.http.wire:  << "<html><head>[\n]" 
2016/08/09 12:23:15 DEBUG - org.apache.http.wire:  << "<html><head>[\n]" 
2016/08/09 12:23:15 DEBUG - org.apache.http.wire:  << "<title>401 Authorization Required</title>[\n]" 
2016/08/09 12:23:15 DEBUG - org.apache.http.wire:  << "<html><head>[\n]" 
2016/08/09 12:23:15 DEBUG - org.apache.http.wire:  << "</head><body>[\n]" 
2016/08/09 12:23:15 DEBUG - org.apache.http.wire:  << "<h1>Authorization Required</h1>[\n]" 
2016/08/09 12:23:15 DEBUG - org.apache.http.wire:  << "<title>401 Authorization Required</title>[\n]" 
2016/08/09 12:23:15 DEBUG - org.apache.http.wire:  << "<p>This server could not verify that you[\n]" 
2016/08/09 12:23:15 DEBUG - org.apache.http.wire:  << "are authorized to access the document[\n]" 
2016/08/09 12:23:15 DEBUG - org.apache.http.wire:  << "<title>401 Authorization Required</title>[\n]" 
2016/08/09 12:23:15 DEBUG - org.apache.http.wire:  << "requested.  Either you supplied the wrong[\n]" 
2016/08/09 12:23:15 DEBUG - org.apache.http.wire:  << "</head><body>[\n]" 
2016/08/09 12:23:15 DEBUG - org.apache.http.wire:  << "credentials (e.g., bad password), or your[\n]" 
2016/08/09 12:23:15 DEBUG - org.apache.http.wire:  << "</head><body>[\n]" 
2016/08/09 12:23:15 DEBUG - org.apache.http.wire:  << "browser doesn't understand how to supply[\n]" 
2016/08/09 12:23:15 DEBUG - org.apache.http.wire:  << "<h1>Authorization Required</h1>[\n]" 
2016/08/09 12:23:15 DEBUG - org.apache.http.wire:  << "the credentials required.</p>[\n]" 
2016/08/09 12:23:15 DEBUG - org.apache.http.wire:  << "<h1>Authorization Required</h1>[\n]" 
2016/08/09 12:23:15 DEBUG - org.apache.http.wire:  << "<hr>[\n]" 
2016/08/09 12:23:15 DEBUG - org.apache.http.wire:  << "<p>This server could not verify that you[\n]" 
2016/08/09 12:23:15 DEBUG - org.apache.http.wire:  << "<address>Apache/2.2.16 (Debian) Server at x-aip-live-05.ingenta.com Port 80</address>[\n]" 
2016/08/09 12:23:15 DEBUG - org.apache.http.wire:  << "<p>This server could not verify that you[\n]" 
2016/08/09 12:23:15 DEBUG - org.apache.http.wire:  << "</body></html>[\n]" 
2016/08/09 12:23:15 DEBUG - org.apache.http.wire:  << "are authorized to access the document[\n]" 
2016/08/09 12:23:15 DEBUG - org.apache.http.wire:  << "are authorized to access the document[\n]" 
2016/08/09 12:23:15 DEBUG - org.apache.http.wire:  << "requested.  Either you supplied the wrong[\n]" 
2016/08/09 12:23:15 DEBUG - org.apache.jmeter.protocol.http.sampler.MeasuringConnectionManager: Connection [id: 0][route: {}->http://x-aip-live-05.ingenta.com:80][state: Aip Visitors 1-1] can be kept alive for 2000 MILLISECONDS 
2016/08/09 12:23:15 DEBUG - org.apache.http.wire:  << "requested.  Either you supplied the wrong[\n]" 
2016/08/09 12:23:15 DEBUG - org.apache.http.wire:  << "credentials (e.g., bad password), or your[\n]" 
2016/08/09 12:23:15 DEBUG - org.apache.http.wire:  << "credentials (e.g., bad password), or your[\n]" 
2016/08/09 12:23:15 DEBUG - org.apache.http.wire:  << "browser doesn't understand how to supply[\n]" 
2016/08/09 12:23:15 DEBUG - org.apache.jmeter.protocol.http.sampler.MeasuringConnectionManager: Connection released: [id: 0][route: {}->http://x-aip-live-05.ingenta.com:80][state: Aip Visitors 1-1][total kept alive: 1; route allocated: 1 of 2; total allocated: 1 of 20] 
2016/08/09 12:23:15 DEBUG - org.apache.http.wire:  << "browser doesn't understand how to supply[\n]" 
2016/08/09 12:23:15 DEBUG - org.apache.http.wire:  << "the credentials required.</p>[\n]" 
2016/08/09 12:23:15 DEBUG - org.apache.http.wire:  << "the credentials required.</p>[\n]" 
2016/08/09 12:23:15 DEBUG - org.apache.http.wire:  << "<hr>[\n]" 
2016/08/09 12:23:15 DEBUG - org.apache.http.wire:  << "<hr>[\n]" 
2016/08/09 12:23:15 DEBUG - org.apache.http.wire:  << "<address>Apache/2.2.16 (Debian) Server at x-aip-live-05.ingenta.com Port 80</address>[\n]" 
2016/08/09 12:23:15 DEBUG - org.apache.http.wire:  << "<address>Apache/2.2.16 (Debian) Server at x-aip-live-05.ingenta.com Port 80</address>[\n]" 
2016/08/09 12:23:15 DEBUG - org.apache.http.wire:  << "</body></html>[\n]" 
2016/08/09 12:23:15 DEBUG - org.apache.http.wire:  << "</body></html>[\n]" 
2016/08/09 12:23:15 DEBUG - org.apache.jmeter.protocol.http.sampler.MeasuringConnectionManager: Connection [id: 1][route: {}->http://x-aip-live-05.ingenta.com:80][state: Aip Visitors 1-2] can be kept alive for 2000 MILLISECONDS 
2016/08/09 12:23:15 DEBUG - org.apache.jmeter.protocol.http.sampler.MeasuringConnectionManager: Connection [id: 2][route: {}->http://x-aip-live-05.ingenta.com:80][state: Aip Visitors 1-3] can be kept alive for 2000 MILLISECONDS 
2016/08/09 12:23:15 DEBUG - org.apache.jmeter.protocol.http.sampler.MeasuringConnectionManager: Connection released: [id: 1][route: {}->http://x-aip-live-05.ingenta.com:80][state: Aip Visitors 1-2][total kept alive: 1; route allocated: 1 of 2; total allocated: 1 of 20] 
2016/08/09 12:23:15 DEBUG - org.apache.jmeter.protocol.http.sampler.MeasuringConnectionManager: Connection released: [id: 2][route: {}->http://x-aip-live-05.ingenta.com:80][state: Aip Visitors 1-3][total kept alive: 1; route allocated: 1 of 2; total allocated: 1 of 20] 
2016/08/09 12:23:15 INFO  - jmeter.threads.JMeterThread: Stop Thread detected by thread: Aip Visitors 1-3 
2016/08/09 12:23:15 INFO  - jmeter.threads.JMeterThread: Stop Thread detected by thread: Aip Visitors 1-1 
2016/08/09 12:23:15 INFO  - jmeter.threads.JMeterThread: Stop Thread detected by thread: Aip Visitors 1-2 
2016/08/09 12:23:15 INFO  - jmeter.threads.JMeterThread: Thread finished: Aip Visitors 1-1 
2016/08/09 12:23:15 INFO  - jmeter.threads.JMeterThread: Thread finished: Aip Visitors 1-3 
2016/08/09 12:23:15 INFO  - jmeter.threads.JMeterThread: Thread finished: Aip Visitors 1-2 
2016/08/09 12:23:15 DEBUG - org.apache.jmeter.protocol.http.sampler.MeasuringConnectionManager: Connection manager is shutting down 
2016/08/09 12:23:15 DEBUG - org.apache.jmeter.protocol.http.sampler.MeasuringConnectionManager: Connection manager is shutting down 
2016/08/09 12:23:15 DEBUG - org.apache.jmeter.protocol.http.sampler.MeasuringConnectionManager: Connection manager is shutting down 
2016/08/09 12:23:15 DEBUG - org.apache.jmeter.protocol.http.sampler.JMeterClientConnectionOperator$JMeterDefaultClientConnection: Connection 0.0.0.0:51180<->93.91.26.179:80 closed 
2016/08/09 12:23:15 DEBUG - org.apache.jmeter.protocol.http.sampler.JMeterClientConnectionOperator$JMeterDefaultClientConnection: Connection 0.0.0.0:51179<->93.91.26.179:80 closed 
2016/08/09 12:23:15 DEBUG - org.apache.jmeter.protocol.http.sampler.JMeterClientConnectionOperator$JMeterDefaultClientConnection: Connection 0.0.0.0:51180<->93.91.26.179:80 closed 
2016/08/09 12:23:15 DEBUG - org.apache.jmeter.protocol.http.sampler.JMeterClientConnectionOperator$JMeterDefaultClientConnection: Connection 0.0.0.0:51178<->93.91.26.179:80 closed 
2016/08/09 12:23:15 DEBUG - org.apache.jmeter.protocol.http.sampler.JMeterClientConnectionOperator$JMeterDefaultClientConnection: Connection 0.0.0.0:51179<->93.91.26.179:80 closed 
2016/08/09 12:23:15 DEBUG - org.apache.jmeter.protocol.http.sampler.MeasuringConnectionManager: Connection manager shut down 
2016/08/09 12:23:15 DEBUG - org.apache.jmeter.protocol.http.sampler.MeasuringConnectionManager: Connection manager is shutting down 
2016/08/09 12:23:15 DEBUG - org.apache.jmeter.protocol.http.sampler.MeasuringConnectionManager: Connection manager shut down 
2016/08/09 12:23:15 DEBUG - org.apache.jmeter.protocol.http.sampler.JMeterClientConnectionOperator$JMeterDefaultClientConnection: Connection 0.0.0.0:51178<->93.91.26.179:80 closed 
2016/08/09 12:23:15 DEBUG - org.apache.jmeter.protocol.http.sampler.MeasuringConnectionManager: Connection manager shut down 
2016/08/09 12:23:15 DEBUG - org.apache.jmeter.protocol.http.sampler.MeasuringConnectionManager: Connection manager shut down 
2016/08/09 12:23:15 DEBUG - org.apache.jmeter.protocol.http.sampler.MeasuringConnectionManager: Connection manager is shutting down 
2016/08/09 12:23:15 DEBUG - org.apache.jmeter.protocol.http.sampler.MeasuringConnectionManager: Connection manager shut down 
2016/08/09 12:23:15 DEBUG - org.apache.jmeter.protocol.http.sampler.MeasuringConnectionManager: Connection manager is shutting down 
2016/08/09 12:23:15 DEBUG - org.apache.jmeter.protocol.http.sampler.MeasuringConnectionManager: Connection manager shut down 
2016/08/09 12:23:15 DEBUG - org.apache.http.wire:  << "HTTP/1.1 401 Authorization Required[\r][\n]" 
2016/08/09 12:23:15 DEBUG - org.apache.http.wire:  << "Date: Tue, 09 Aug 2016 06:53:15 GMT[\r][\n]" 
2016/08/09 12:23:15 DEBUG - org.apache.http.wire:  << "Server: Apache/2.2.16 (Debian)[\r][\n]" 
2016/08/09 12:23:15 DEBUG - org.apache.http.wire:  << "WWW-Authenticate: Basic realm="Beta Pub2Web"[\r][\n]" 
2016/08/09 12:23:15 DEBUG - org.apache.http.wire:  << "Vary: Accept-Encoding[\r][\n]" 
2016/08/09 12:23:15 DEBUG - org.apache.http.wire:  << "Content-Length: 492[\r][\n]" 
2016/08/09 12:23:15 DEBUG - org.apache.http.wire:  << "Keep-Alive: timeout=2, max=100[\r][\n]" 
2016/08/09 12:23:15 DEBUG - org.apache.http.wire:  << "Connection: Keep-Alive[\r][\n]" 
2016/08/09 12:23:15 DEBUG - org.apache.http.wire:  << "Content-Type: text/html; charset=iso-8859-1[\r][\n]" 
2016/08/09 12:23:15 DEBUG - org.apache.http.wire:  << "[\r][\n]" 
2016/08/09 12:23:15 DEBUG - org.apache.jmeter.protocol.http.sampler.JMeterClientConnectionOperator$JMeterDefaultClientConnection: Receiving response: HTTP/1.1 401 Authorization Required 
2016/08/09 12:23:15 DEBUG - org.apache.http.headers: << HTTP/1.1 401 Authorization Required 
2016/08/09 12:23:15 DEBUG - org.apache.http.headers: << Date: Tue, 09 Aug 2016 06:53:15 GMT 
2016/08/09 12:23:15 DEBUG - org.apache.http.headers: << Server: Apache/2.2.16 (Debian) 
2016/08/09 12:23:15 DEBUG - org.apache.http.headers: << WWW-Authenticate: Basic realm="Beta Pub2Web" 
2016/08/09 12:23:15 DEBUG - org.apache.http.headers: << Vary: Accept-Encoding 
2016/08/09 12:23:15 DEBUG - org.apache.http.headers: << Content-Length: 492 
2016/08/09 12:23:15 DEBUG - org.apache.http.headers: << Keep-Alive: timeout=2, max=100 
2016/08/09 12:23:15 DEBUG - org.apache.http.headers: << Connection: Keep-Alive 
2016/08/09 12:23:15 DEBUG - org.apache.http.headers: << Content-Type: text/html; charset=iso-8859-1 
2016/08/09 12:23:15 DEBUG - org.apache.jmeter.protocol.http.sampler.HTTPHC4Impl$7: Connection can be kept alive for 2000 MILLISECONDS 
2016/08/09 12:23:15 DEBUG - org.apache.jmeter.protocol.http.sampler.HTTPHC4Impl$7: Authentication required 
2016/08/09 12:23:15 DEBUG - org.apache.jmeter.protocol.http.sampler.HTTPHC4Impl$7: x-aip-live-05.ingenta.com:80 requested authentication 
2016/08/09 12:23:15 DEBUG - org.apache.http.impl.client.TargetAuthenticationStrategy: Authentication schemes in the order of preference: [Negotiate, Kerberos, NTLM, Digest, Basic] 
2016/08/09 12:23:15 DEBUG - org.apache.http.impl.client.TargetAuthenticationStrategy: Challenge for Negotiate authentication scheme not available 
2016/08/09 12:23:15 DEBUG - org.apache.http.impl.client.TargetAuthenticationStrategy: Challenge for Kerberos authentication scheme not available 
2016/08/09 12:23:15 DEBUG - org.apache.http.impl.client.TargetAuthenticationStrategy: Challenge for NTLM authentication scheme not available 
2016/08/09 12:23:15 DEBUG - org.apache.http.impl.client.TargetAuthenticationStrategy: Challenge for Digest authentication scheme not available 
2016/08/09 12:23:15 DEBUG - org.apache.http.wire:  << "<!DOCTYPE HTML PUBLIC "-//IETF//DTD HTML 2.0//EN">[\n]" 
2016/08/09 12:23:15 DEBUG - org.apache.http.wire:  << "<html><head>[\n]" 
2016/08/09 12:23:15 DEBUG - org.apache.http.wire:  << "<title>401 Authorization Required</title>[\n]" 
2016/08/09 12:23:15 DEBUG - org.apache.http.wire:  << "</head><body>[\n]" 
2016/08/09 12:23:15 DEBUG - org.apache.http.wire:  << "<h1>Authorization Required</h1>[\n]" 
2016/08/09 12:23:15 DEBUG - org.apache.http.wire:  << "<p>This server could not verify that you[\n]" 
2016/08/09 12:23:15 DEBUG - org.apache.http.wire:  << "are authorized to access the document[\n]" 
2016/08/09 12:23:15 DEBUG - org.apache.http.wire:  << "requested.  Either you supplied the wrong[\n]" 
2016/08/09 12:23:15 DEBUG - org.apache.http.wire:  << "credentials (e.g., bad password), or your[\n]" 
2016/08/09 12:23:15 DEBUG - org.apache.http.wire:  << "browser doesn't understand how to supply[\n]" 
2016/08/09 12:23:15 DEBUG - org.apache.http.wire:  << "the credentials required.</p>[\n]" 
2016/08/09 12:23:15 DEBUG - org.apache.http.wire:  << "<hr>[\n]" 
2016/08/09 12:23:15 DEBUG - org.apache.http.wire:  << "<address>Apache/2.2.16 (Debian) Server at x-aip-live-05.ingenta.com Port 80</address>[\n]" 
2016/08/09 12:23:15 DEBUG - org.apache.http.wire:  << "</body></html>[\n]" 
2016/08/09 12:23:15 DEBUG - org.apache.jmeter.protocol.http.sampler.MeasuringConnectionManager: Connection [id: 3][route: {}->http://x-aip-live-05.ingenta.com:80][state: Aip Visitors 1-4] can be kept alive for 2000 MILLISECONDS 
2016/08/09 12:23:15 DEBUG - org.apache.jmeter.protocol.http.sampler.MeasuringConnectionManager: Connection released: [id: 3][route: {}->http://x-aip-live-05.ingenta.com:80][state: Aip Visitors 1-4][total kept alive: 1; route allocated: 1 of 2; total allocated: 1 of 20] 
2016/08/09 12:23:15 INFO  - jmeter.threads.JMeterThread: Stop Thread detected by thread: Aip Visitors 1-4 
2016/08/09 12:23:15 INFO  - jmeter.threads.JMeterThread: Thread finished: Aip Visitors 1-4 
2016/08/09 12:23:15 DEBUG - org.apache.jmeter.protocol.http.sampler.MeasuringConnectionManager: Connection manager is shutting down 
2016/08/09 12:23:15 DEBUG - org.apache.jmeter.protocol.http.sampler.JMeterClientConnectionOperator$JMeterDefaultClientConnection: Connection 0.0.0.0:51181<->93.91.26.179:80 closed 
2016/08/09 12:23:15 DEBUG - org.apache.jmeter.protocol.http.sampler.JMeterClientConnectionOperator$JMeterDefaultClientConnection: Connection 0.0.0.0:51181<->93.91.26.179:80 closed 
2016/08/09 12:23:15 DEBUG - org.apache.jmeter.protocol.http.sampler.MeasuringConnectionManager: Connection manager shut down 
2016/08/09 12:23:15 DEBUG - org.apache.jmeter.protocol.http.sampler.MeasuringConnectionManager: Connection manager is shutting down 
2016/08/09 12:23:15 DEBUG - org.apache.jmeter.protocol.http.sampler.MeasuringConnectionManager: Connection manager shut down 
2016/08/09 12:23:15 INFO  - jmeter.threads.JMeterThread: Thread started: Aip Visitors 1-6 
2016/08/09 12:23:15 DEBUG - org.apache.jmeter.protocol.http.sampler.MeasuringConnectionManager: Connection request: [route: {}->http://x-aip-live-05.ingenta.com:80][state: Aip Visitors 1-6][total kept alive: 0; route allocated: 0 of 2; total allocated: 0 of 20] 
2016/08/09 12:23:15 DEBUG - org.apache.jmeter.protocol.http.sampler.MeasuringConnectionManager: Connection leased: [id: 5][route: {}->http://x-aip-live-05.ingenta.com:80][total kept alive: 0; route allocated: 1 of 2; total allocated: 1 of 20] 
2016/08/09 12:23:15 DEBUG - org.apache.jmeter.protocol.http.sampler.JMeterClientConnectionOperator: Connecting to x-aip-live-05.ingenta.com:80 
2016/08/09 12:23:15 DEBUG - org.apache.http.client.protocol.RequestAddCookies: CookieSpec selected: ignoreCookies 
2016/08/09 12:23:15 DEBUG - org.apache.http.client.protocol.RequestAuthCache: Auth cache not set in the context 
2016/08/09 12:23:15 DEBUG - org.apache.http.client.protocol.RequestTargetAuthentication: Target auth state: UNCHALLENGED 
2016/08/09 12:23:15 DEBUG - org.apache.http.client.protocol.RequestProxyAuthentication: Proxy auth state: UNCHALLENGED 
2016/08/09 12:23:15 DEBUG - org.apache.jmeter.protocol.http.sampler.HTTPHC4Impl$7: Attempt 1 to execute request 
2016/08/09 12:23:15 DEBUG - org.apache.jmeter.protocol.http.sampler.JMeterClientConnectionOperator$JMeterDefaultClientConnection: Sending request: GET /index.html HTTP/1.1 
2016/08/09 12:23:15 DEBUG - org.apache.http.wire:  >> "GET /index.html HTTP/1.1[\r][\n]" 
2016/08/09 12:23:15 DEBUG - org.apache.http.wire:  >> "Connection: keep-alive[\r][\n]" 
2016/08/09 12:23:15 DEBUG - org.apache.http.wire:  >> "Host: x-aip-live-05.ingenta.com[\r][\n]" 
2016/08/09 12:23:15 DEBUG - org.apache.http.wire:  >> "User-Agent: Apache-HttpClient/4.5.2 (Java/1.8.0_66)[\r][\n]" 
2016/08/09 12:23:15 DEBUG - org.apache.http.wire:  >> "[\r][\n]" 
2016/08/09 12:23:15 DEBUG - org.apache.http.headers: >> GET /index.html HTTP/1.1 
2016/08/09 12:23:15 DEBUG - org.apache.http.headers: >> Connection: keep-alive 
2016/08/09 12:23:15 DEBUG - org.apache.http.headers: >> Host: x-aip-live-05.ingenta.com 
2016/08/09 12:23:15 DEBUG - org.apache.http.headers: >> User-Agent: Apache-HttpClient/4.5.2 (Java/1.8.0_66) 
2016/08/09 12:23:15 DEBUG - org.apache.http.wire:  << "HTTP/1.1 401 Authorization Required[\r][\n]" 
2016/08/09 12:23:15 DEBUG - org.apache.http.wire:  << "Date: Tue, 09 Aug 2016 06:53:15 GMT[\r][\n]" 
2016/08/09 12:23:15 DEBUG - org.apache.http.wire:  << "Server: Apache/2.2.16 (Debian)[\r][\n]" 
2016/08/09 12:23:15 DEBUG - org.apache.http.wire:  << "WWW-Authenticate: Basic realm="Beta Pub2Web"[\r][\n]" 
2016/08/09 12:23:15 DEBUG - org.apache.http.wire:  << "Vary: Accept-Encoding[\r][\n]" 
2016/08/09 12:23:15 DEBUG - org.apache.http.wire:  << "Content-Length: 492[\r][\n]" 
2016/08/09 12:23:15 DEBUG - org.apache.http.wire:  << "Keep-Alive: timeout=2, max=100[\r][\n]" 
2016/08/09 12:23:15 DEBUG - org.apache.http.wire:  << "Connection: Keep-Alive[\r][\n]" 
2016/08/09 12:23:15 DEBUG - org.apache.http.wire:  << "Content-Type: text/html; charset=iso-8859-1[\r][\n]" 
2016/08/09 12:23:15 DEBUG - org.apache.http.wire:  << "[\r][\n]" 
2016/08/09 12:23:15 DEBUG - org.apache.jmeter.protocol.http.sampler.JMeterClientConnectionOperator$JMeterDefaultClientConnection: Receiving response: HTTP/1.1 401 Authorization Required 
2016/08/09 12:23:15 DEBUG - org.apache.http.headers: << HTTP/1.1 401 Authorization Required 
2016/08/09 12:23:15 DEBUG - org.apache.http.headers: << Date: Tue, 09 Aug 2016 06:53:15 GMT 
2016/08/09 12:23:15 DEBUG - org.apache.http.headers: << Server: Apache/2.2.16 (Debian) 
2016/08/09 12:23:15 DEBUG - org.apache.http.headers: << WWW-Authenticate: Basic realm="Beta Pub2Web" 
2016/08/09 12:23:15 DEBUG - org.apache.http.headers: << Vary: Accept-Encoding 
2016/08/09 12:23:15 DEBUG - org.apache.http.headers: << Content-Length: 492 
2016/08/09 12:23:15 DEBUG - org.apache.http.headers: << Keep-Alive: timeout=2, max=100 
2016/08/09 12:23:15 DEBUG - org.apache.http.headers: << Connection: Keep-Alive 
2016/08/09 12:23:15 DEBUG - org.apache.http.headers: << Content-Type: text/html; charset=iso-8859-1 
2016/08/09 12:23:15 DEBUG - org.apache.jmeter.protocol.http.sampler.HTTPHC4Impl$7: Connection can be kept alive for 2000 MILLISECONDS 
2016/08/09 12:23:15 DEBUG - org.apache.jmeter.protocol.http.sampler.HTTPHC4Impl$7: Authentication required 
2016/08/09 12:23:15 DEBUG - org.apache.jmeter.protocol.http.sampler.HTTPHC4Impl$7: x-aip-live-05.ingenta.com:80 requested authentication 
2016/08/09 12:23:15 DEBUG - org.apache.http.impl.client.TargetAuthenticationStrategy: Authentication schemes in the order of preference: [Negotiate, Kerberos, NTLM, Digest, Basic] 
2016/08/09 12:23:15 DEBUG - org.apache.http.impl.client.TargetAuthenticationStrategy: Challenge for Negotiate authentication scheme not available 
2016/08/09 12:23:15 DEBUG - org.apache.http.impl.client.TargetAuthenticationStrategy: Challenge for Kerberos authentication scheme not available 
2016/08/09 12:23:15 DEBUG - org.apache.http.impl.client.TargetAuthenticationStrategy: Challenge for NTLM authentication scheme not available 
2016/08/09 12:23:15 DEBUG - org.apache.http.impl.client.TargetAuthenticationStrategy: Challenge for Digest authentication scheme not available 
2016/08/09 12:23:15 DEBUG - org.apache.http.wire:  << "<!DOCTYPE HTML PUBLIC "-//IETF//DTD HTML 2.0//EN">[\n]" 
2016/08/09 12:23:15 DEBUG - org.apache.http.wire:  << "<html><head>[\n]" 
2016/08/09 12:23:15 DEBUG - org.apache.http.wire:  << "<title>401 Authorization Required</title>[\n]" 
2016/08/09 12:23:15 DEBUG - org.apache.http.wire:  << "</head><body>[\n]" 
2016/08/09 12:23:15 DEBUG - org.apache.http.wire:  << "<h1>Authorization Required</h1>[\n]" 
2016/08/09 12:23:15 DEBUG - org.apache.http.wire:  << "<p>This server could not verify that you[\n]" 
2016/08/09 12:23:15 DEBUG - org.apache.http.wire:  << "are authorized to access the document[\n]" 
2016/08/09 12:23:15 DEBUG - org.apache.http.wire:  << "requested.  Either you supplied the wrong[\n]" 
2016/08/09 12:23:15 DEBUG - org.apache.http.wire:  << "credentials (e.g., bad password), or your[\n]" 
2016/08/09 12:23:15 DEBUG - org.apache.http.wire:  << "browser doesn't understand how to supply[\n]" 
2016/08/09 12:23:15 DEBUG - org.apache.http.wire:  << "the credentials required.</p>[\n]" 
2016/08/09 12:23:15 DEBUG - org.apache.http.wire:  << "<hr>[\n]" 
2016/08/09 12:23:15 DEBUG - org.apache.http.wire:  << "<address>Apache/2.2.16 (Debian) Server at x-aip-live-05.ingenta.com Port 80</address>[\n]" 
2016/08/09 12:23:15 DEBUG - org.apache.http.wire:  << "</body></html>[\n]" 
2016/08/09 12:23:15 DEBUG - org.apache.jmeter.protocol.http.sampler.MeasuringConnectionManager: Connection [id: 4][route: {}->http://x-aip-live-05.ingenta.com:80][state: Aip Visitors 1-5] can be kept alive for 2000 MILLISECONDS 
2016/08/09 12:23:15 DEBUG - org.apache.jmeter.protocol.http.sampler.MeasuringConnectionManager: Connection released: [id: 4][route: {}->http://x-aip-live-05.ingenta.com:80][state: Aip Visitors 1-5][total kept alive: 1; route allocated: 1 of 2; total allocated: 1 of 20] 
2016/08/09 12:23:15 INFO  - jmeter.threads.JMeterThread: Stop Thread detected by thread: Aip Visitors 1-5 
2016/08/09 12:23:15 INFO  - jmeter.threads.JMeterThread: Thread finished: Aip Visitors 1-5 
2016/08/09 12:23:15 DEBUG - org.apache.jmeter.protocol.http.sampler.MeasuringConnectionManager: Connection manager is shutting down 
2016/08/09 12:23:15 DEBUG - org.apache.jmeter.protocol.http.sampler.JMeterClientConnectionOperator$JMeterDefaultClientConnection: Connection 0.0.0.0:51182<->93.91.26.179:80 closed 
2016/08/09 12:23:15 DEBUG - org.apache.jmeter.protocol.http.sampler.JMeterClientConnectionOperator$JMeterDefaultClientConnection: Connection 0.0.0.0:51182<->93.91.26.179:80 closed 
2016/08/09 12:23:15 DEBUG - org.apache.jmeter.protocol.http.sampler.MeasuringConnectionManager: Connection manager shut down 
2016/08/09 12:23:15 DEBUG - org.apache.jmeter.protocol.http.sampler.MeasuringConnectionManager: Connection manager is shutting down 
2016/08/09 12:23:15 DEBUG - org.apache.jmeter.protocol.http.sampler.MeasuringConnectionManager: Connection manager shut down 
2016/08/09 12:23:15 INFO  - jmeter.threads.JMeterThread: Thread started: Aip Visitors 1-7 
2016/08/09 12:23:15 DEBUG - org.apache.jmeter.protocol.http.sampler.MeasuringConnectionManager: Connection request: [route: {}->http://x-aip-live-05.ingenta.com:80][state: Aip Visitors 1-7][total kept alive: 0; route allocated: 0 of 2; total allocated: 0 of 20] 
2016/08/09 12:23:15 DEBUG - org.apache.jmeter.protocol.http.sampler.MeasuringConnectionManager: Connection leased: [id: 6][route: {}->http://x-aip-live-05.ingenta.com:80][total kept alive: 0; route allocated: 1 of 2; total allocated: 1 of 20] 
2016/08/09 12:23:15 DEBUG - org.apache.jmeter.protocol.http.sampler.JMeterClientConnectionOperator: Connecting to x-aip-live-05.ingenta.com:80 
2016/08/09 12:23:15 DEBUG - org.apache.http.client.protocol.RequestAddCookies: CookieSpec selected: ignoreCookies 
2016/08/09 12:23:15 DEBUG - org.apache.http.client.protocol.RequestAuthCache: Auth cache not set in the context 
2016/08/09 12:23:15 DEBUG - org.apache.http.client.protocol.RequestTargetAuthentication: Target auth state: UNCHALLENGED 
2016/08/09 12:23:15 DEBUG - org.apache.http.client.protocol.RequestProxyAuthentication: Proxy auth state: UNCHALLENGED 
2016/08/09 12:23:15 DEBUG - org.apache.jmeter.protocol.http.sampler.HTTPHC4Impl$7: Attempt 1 to execute request 
2016/08/09 12:23:15 DEBUG - org.apache.jmeter.protocol.http.sampler.JMeterClientConnectionOperator$JMeterDefaultClientConnection: Sending request: GET /index.html HTTP/1.1 
2016/08/09 12:23:15 DEBUG - org.apache.http.wire:  >> "GET /index.html HTTP/1.1[\r][\n]" 
2016/08/09 12:23:15 DEBUG - org.apache.http.wire:  >> "Connection: keep-alive[\r][\n]" 
2016/08/09 12:23:15 DEBUG - org.apache.http.wire:  >> "Host: x-aip-live-05.ingenta.com[\r][\n]" 
2016/08/09 12:23:15 DEBUG - org.apache.http.wire:  >> "User-Agent: Apache-HttpClient/4.5.2 (Java/1.8.0_66)[\r][\n]" 
2016/08/09 12:23:15 DEBUG - org.apache.http.wire:  >> "[\r][\n]" 
2016/08/09 12:23:15 DEBUG - org.apache.http.headers: >> GET /index.html HTTP/1.1 
2016/08/09 12:23:15 DEBUG - org.apache.http.headers: >> Connection: keep-alive 
2016/08/09 12:23:15 DEBUG - org.apache.http.headers: >> Host: x-aip-live-05.ingenta.com 
2016/08/09 12:23:15 DEBUG - org.apache.http.headers: >> User-Agent: Apache-HttpClient/4.5.2 (Java/1.8.0_66) 
2016/08/09 12:23:15 DEBUG - org.apache.http.wire:  << "HTTP/1.1 401 Authorization Required[\r][\n]" 
2016/08/09 12:23:15 DEBUG - org.apache.http.wire:  << "Date: Tue, 09 Aug 2016 06:53:15 GMT[\r][\n]" 
2016/08/09 12:23:15 DEBUG - org.apache.http.wire:  << "Server: Apache/2.2.16 (Debian)[\r][\n]" 
2016/08/09 12:23:15 DEBUG - org.apache.http.wire:  << "WWW-Authenticate: Basic realm="Beta Pub2Web"[\r][\n]" 
2016/08/09 12:23:15 DEBUG - org.apache.http.wire:  << "Vary: Accept-Encoding[\r][\n]" 
2016/08/09 12:23:15 DEBUG - org.apache.http.wire:  << "Content-Length: 492[\r][\n]" 
2016/08/09 12:23:15 DEBUG - org.apache.http.wire:  << "Keep-Alive: timeout=2, max=100[\r][\n]" 
2016/08/09 12:23:15 DEBUG - org.apache.http.wire:  << "Connection: Keep-Alive[\r][\n]" 
2016/08/09 12:23:15 DEBUG - org.apache.http.wire:  << "Content-Type: text/html; charset=iso-8859-1[\r][\n]" 
2016/08/09 12:23:15 DEBUG - org.apache.http.wire:  << "[\r][\n]" 
2016/08/09 12:23:15 DEBUG - org.apache.jmeter.protocol.http.sampler.JMeterClientConnectionOperator$JMeterDefaultClientConnection: Receiving response: HTTP/1.1 401 Authorization Required 
2016/08/09 12:23:15 DEBUG - org.apache.http.headers: << HTTP/1.1 401 Authorization Required 
2016/08/09 12:23:15 DEBUG - org.apache.http.headers: << Date: Tue, 09 Aug 2016 06:53:15 GMT 
2016/08/09 12:23:15 DEBUG - org.apache.http.headers: << Server: Apache/2.2.16 (Debian) 
2016/08/09 12:23:15 DEBUG - org.apache.http.headers: << WWW-Authenticate: Basic realm="Beta Pub2Web" 
2016/08/09 12:23:15 DEBUG - org.apache.http.headers: << Vary: Accept-Encoding 
2016/08/09 12:23:15 DEBUG - org.apache.http.headers: << Content-Length: 492 
2016/08/09 12:23:15 DEBUG - org.apache.http.headers: << Keep-Alive: timeout=2, max=100 
2016/08/09 12:23:15 DEBUG - org.apache.http.headers: << Connection: Keep-Alive 
2016/08/09 12:23:15 DEBUG - org.apache.http.headers: << Content-Type: text/html; charset=iso-8859-1 
2016/08/09 12:23:15 DEBUG - org.apache.jmeter.protocol.http.sampler.HTTPHC4Impl$7: Connection can be kept alive for 2000 MILLISECONDS 
2016/08/09 12:23:15 DEBUG - org.apache.jmeter.protocol.http.sampler.HTTPHC4Impl$7: Authentication required 
2016/08/09 12:23:15 DEBUG - org.apache.jmeter.protocol.http.sampler.HTTPHC4Impl$7: x-aip-live-05.ingenta.com:80 requested authentication 
2016/08/09 12:23:15 DEBUG - org.apache.http.impl.client.TargetAuthenticationStrategy: Authentication schemes in the order of preference: [Negotiate, Kerberos, NTLM, Digest, Basic] 
2016/08/09 12:23:15 DEBUG - org.apache.http.impl.client.TargetAuthenticationStrategy: Challenge for Negotiate authentication scheme not available 
2016/08/09 12:23:15 DEBUG - org.apache.http.impl.client.TargetAuthenticationStrategy: Challenge for Kerberos authentication scheme not available 
2016/08/09 12:23:15 DEBUG - org.apache.http.impl.client.TargetAuthenticationStrategy: Challenge for NTLM authentication scheme not available 
2016/08/09 12:23:15 DEBUG - org.apache.http.impl.client.TargetAuthenticationStrategy: Challenge for Digest authentication scheme not available 
2016/08/09 12:23:15 DEBUG - org.apache.http.wire:  << "<!DOCTYPE HTML PUBLIC "-//IETF//DTD HTML 2.0//EN">[\n]" 
2016/08/09 12:23:15 DEBUG - org.apache.http.wire:  << "<html><head>[\n]" 
2016/08/09 12:23:15 DEBUG - org.apache.http.wire:  << "<title>401 Authorization Required</title>[\n]" 
2016/08/09 12:23:15 DEBUG - org.apache.http.wire:  << "</head><body>[\n]" 
2016/08/09 12:23:15 DEBUG - org.apache.http.wire:  << "<h1>Authorization Required</h1>[\n]" 
2016/08/09 12:23:15 DEBUG - org.apache.http.wire:  << "<p>This server could not verify that you[\n]" 
2016/08/09 12:23:15 DEBUG - org.apache.http.wire:  << "are authorized to access the document[\n]" 
2016/08/09 12:23:15 DEBUG - org.apache.http.wire:  << "requested.  Either you supplied the wrong[\n]" 
2016/08/09 12:23:15 DEBUG - org.apache.http.wire:  << "credentials (e.g., bad password), or your[\n]" 
2016/08/09 12:23:15 DEBUG - org.apache.http.wire:  << "browser doesn't understand how to supply[\n]" 
2016/08/09 12:23:15 DEBUG - org.apache.http.wire:  << "the credentials required.</p>[\n]" 
2016/08/09 12:23:15 DEBUG - org.apache.http.wire:  << "<hr>[\n]" 
2016/08/09 12:23:15 DEBUG - org.apache.http.wire:  << "<address>Apache/2.2.16 (Debian) Server at x-aip-live-05.ingenta.com Port 80</address>[\n]" 
2016/08/09 12:23:15 DEBUG - org.apache.http.wire:  << "</body></html>[\n]" 
2016/08/09 12:23:15 DEBUG - org.apache.jmeter.protocol.http.sampler.MeasuringConnectionManager: Connection [id: 5][route: {}->http://x-aip-live-05.ingenta.com:80][state: Aip Visitors 1-6] can be kept alive for 2000 MILLISECONDS 
2016/08/09 12:23:15 DEBUG - org.apache.jmeter.protocol.http.sampler.MeasuringConnectionManager: Connection released: [id: 5][route: {}->http://x-aip-live-05.ingenta.com:80][state: Aip Visitors 1-6][total kept alive: 1; route allocated: 1 of 2; total allocated: 1 of 20] 
2016/08/09 12:23:15 INFO  - jmeter.threads.JMeterThread: Stop Thread detected by thread: Aip Visitors 1-6 
2016/08/09 12:23:15 INFO  - jmeter.threads.JMeterThread: Thread finished: Aip Visitors 1-6 
2016/08/09 12:23:15 DEBUG - org.apache.jmeter.protocol.http.sampler.MeasuringConnectionManager: Connection manager is shutting down 
2016/08/09 12:23:15 DEBUG - org.apache.jmeter.protocol.http.sampler.JMeterClientConnectionOperator$JMeterDefaultClientConnection: Connection 0.0.0.0:51183<->93.91.26.179:80 closed 
2016/08/09 12:23:15 DEBUG - org.apache.jmeter.protocol.http.sampler.JMeterClientConnectionOperator$JMeterDefaultClientConnection: Connection 0.0.0.0:51183<->93.91.26.179:80 closed 
2016/08/09 12:23:15 DEBUG - org.apache.jmeter.protocol.http.sampler.MeasuringConnectionManager: Connection manager shut down 
2016/08/09 12:23:15 DEBUG - org.apache.jmeter.protocol.http.sampler.MeasuringConnectionManager: Connection manager is shutting down 
2016/08/09 12:23:15 DEBUG - org.apache.jmeter.protocol.http.sampler.MeasuringConnectionManager: Connection manager shut down 
2016/08/09 12:23:15 INFO  - jmeter.threads.JMeterThread: Thread started: Aip Visitors 1-8 
2016/08/09 12:23:15 DEBUG - org.apache.jmeter.protocol.http.sampler.MeasuringConnectionManager: Connection request: [route: {}->http://x-aip-live-05.ingenta.com:80][state: Aip Visitors 1-8][total kept alive: 0; route allocated: 0 of 2; total allocated: 0 of 20] 
2016/08/09 12:23:15 DEBUG - org.apache.jmeter.protocol.http.sampler.MeasuringConnectionManager: Connection leased: [id: 7][route: {}->http://x-aip-live-05.ingenta.com:80][total kept alive: 0; route allocated: 1 of 2; total allocated: 1 of 20] 
2016/08/09 12:23:15 DEBUG - org.apache.jmeter.protocol.http.sampler.JMeterClientConnectionOperator: Connecting to x-aip-live-05.ingenta.com:80 
2016/08/09 12:23:15 DEBUG - org.apache.http.client.protocol.RequestAddCookies: CookieSpec selected: ignoreCookies 
2016/08/09 12:23:15 DEBUG - org.apache.http.client.protocol.RequestAuthCache: Auth cache not set in the context 
2016/08/09 12:23:15 DEBUG - org.apache.http.client.protocol.RequestTargetAuthentication: Target auth state: UNCHALLENGED 
2016/08/09 12:23:15 DEBUG - org.apache.http.client.protocol.RequestProxyAuthentication: Proxy auth state: UNCHALLENGED 
2016/08/09 12:23:15 DEBUG - org.apache.jmeter.protocol.http.sampler.HTTPHC4Impl$7: Attempt 1 to execute request 
2016/08/09 12:23:15 DEBUG - org.apache.jmeter.protocol.http.sampler.JMeterClientConnectionOperator$JMeterDefaultClientConnection: Sending request: GET /index.html HTTP/1.1 
2016/08/09 12:23:15 DEBUG - org.apache.http.wire:  >> "GET /index.html HTTP/1.1[\r][\n]" 
2016/08/09 12:23:15 DEBUG - org.apache.http.wire:  >> "Connection: keep-alive[\r][\n]" 
2016/08/09 12:23:15 DEBUG - org.apache.http.wire:  >> "Host: x-aip-live-05.ingenta.com[\r][\n]" 
2016/08/09 12:23:15 DEBUG - org.apache.http.wire:  >> "User-Agent: Apache-HttpClient/4.5.2 (Java/1.8.0_66)[\r][\n]" 
2016/08/09 12:23:15 DEBUG - org.apache.http.wire:  >> "[\r][\n]" 
2016/08/09 12:23:15 DEBUG - org.apache.http.headers: >> GET /index.html HTTP/1.1 
2016/08/09 12:23:15 DEBUG - org.apache.http.headers: >> Connection: keep-alive 
2016/08/09 12:23:15 DEBUG - org.apache.http.headers: >> Host: x-aip-live-05.ingenta.com 
2016/08/09 12:23:15 DEBUG - org.apache.http.headers: >> User-Agent: Apache-HttpClient/4.5.2 (Java/1.8.0_66) 
2016/08/09 12:23:15 DEBUG - org.apache.http.wire:  << "HTTP/1.1 401 Authorization Required[\r][\n]" 
2016/08/09 12:23:15 DEBUG - org.apache.http.wire:  << "Date: Tue, 09 Aug 2016 06:53:15 GMT[\r][\n]" 
2016/08/09 12:23:15 DEBUG - org.apache.http.wire:  << "Server: Apache/2.2.16 (Debian)[\r][\n]" 
2016/08/09 12:23:15 DEBUG - org.apache.http.wire:  << "WWW-Authenticate: Basic realm="Beta Pub2Web"[\r][\n]" 
2016/08/09 12:23:15 DEBUG - org.apache.http.wire:  << "Vary: Accept-Encoding[\r][\n]" 
2016/08/09 12:23:15 DEBUG - org.apache.http.wire:  << "Content-Length: 492[\r][\n]" 
2016/08/09 12:23:15 DEBUG - org.apache.http.wire:  << "Keep-Alive: timeout=2, max=100[\r][\n]" 
2016/08/09 12:23:15 DEBUG - org.apache.http.wire:  << "Connection: Keep-Alive[\r][\n]" 
2016/08/09 12:23:15 DEBUG - org.apache.http.wire:  << "Content-Type: text/html; charset=iso-8859-1[\r][\n]" 
2016/08/09 12:23:15 DEBUG - org.apache.http.wire:  << "[\r][\n]" 
2016/08/09 12:23:15 DEBUG - org.apache.jmeter.protocol.http.sampler.JMeterClientConnectionOperator$JMeterDefaultClientConnection: Receiving response: HTTP/1.1 401 Authorization Required 
2016/08/09 12:23:15 DEBUG - org.apache.http.headers: << HTTP/1.1 401 Authorization Required 
2016/08/09 12:23:15 DEBUG - org.apache.http.headers: << Date: Tue, 09 Aug 2016 06:53:15 GMT 
2016/08/09 12:23:15 DEBUG - org.apache.http.headers: << Server: Apache/2.2.16 (Debian) 
2016/08/09 12:23:15 DEBUG - org.apache.http.headers: << WWW-Authenticate: Basic realm="Beta Pub2Web" 
2016/08/09 12:23:15 DEBUG - org.apache.http.headers: << Vary: Accept-Encoding 
2016/08/09 12:23:15 DEBUG - org.apache.http.headers: << Content-Length: 492 
2016/08/09 12:23:15 DEBUG - org.apache.http.headers: << Keep-Alive: timeout=2, max=100 
2016/08/09 12:23:15 DEBUG - org.apache.http.headers: << Connection: Keep-Alive 
2016/08/09 12:23:15 DEBUG - org.apache.http.headers: << Content-Type: text/html; charset=iso-8859-1 
2016/08/09 12:23:15 DEBUG - org.apache.jmeter.protocol.http.sampler.HTTPHC4Impl$7: Connection can be kept alive for 2000 MILLISECONDS 
2016/08/09 12:23:15 DEBUG - org.apache.jmeter.protocol.http.sampler.HTTPHC4Impl$7: Authentication required 
2016/08/09 12:23:15 DEBUG - org.apache.jmeter.protocol.http.sampler.HTTPHC4Impl$7: x-aip-live-05.ingenta.com:80 requested authentication 
2016/08/09 12:23:15 DEBUG - org.apache.http.impl.client.TargetAuthenticationStrategy: Authentication schemes in the order of preference: [Negotiate, Kerberos, NTLM, Digest, Basic] 
2016/08/09 12:23:15 DEBUG - org.apache.http.impl.client.TargetAuthenticationStrategy: Challenge for Negotiate authentication scheme not available 
2016/08/09 12:23:15 DEBUG - org.apache.http.impl.client.TargetAuthenticationStrategy: Challenge for Kerberos authentication scheme not available 
2016/08/09 12:23:15 DEBUG - org.apache.http.impl.client.TargetAuthenticationStrategy: Challenge for NTLM authentication scheme not available 
2016/08/09 12:23:15 DEBUG - org.apache.http.impl.client.TargetAuthenticationStrategy: Challenge for Digest authentication scheme not available 
2016/08/09 12:23:15 DEBUG - org.apache.http.wire:  << "<!DOCTYPE HTML PUBLIC "-//IETF//DTD HTML 2.0//EN">[\n]" 
2016/08/09 12:23:15 DEBUG - org.apache.http.wire:  << "<html><head>[\n]" 
2016/08/09 12:23:15 DEBUG - org.apache.http.wire:  << "<title>401 Authorization Required</title>[\n]" 
2016/08/09 12:23:15 DEBUG - org.apache.http.wire:  << "</head><body>[\n]" 
2016/08/09 12:23:15 DEBUG - org.apache.http.wire:  << "<h1>Authorization Required</h1>[\n]" 
2016/08/09 12:23:15 DEBUG - org.apache.http.wire:  << "<p>This server could not verify that you[\n]" 
2016/08/09 12:23:15 DEBUG - org.apache.http.wire:  << "are authorized to access the document[\n]" 
2016/08/09 12:23:15 DEBUG - org.apache.http.wire:  << "requested.  Either you supplied the wrong[\n]" 
2016/08/09 12:23:15 DEBUG - org.apache.http.wire:  << "credentials (e.g., bad password), or your[\n]" 
2016/08/09 12:23:15 DEBUG - org.apache.http.wire:  << "browser doesn't understand how to supply[\n]" 
2016/08/09 12:23:15 DEBUG - org.apache.http.wire:  << "the credentials required.</p>[\n]" 
2016/08/09 12:23:15 DEBUG - org.apache.http.wire:  << "<hr>[\n]" 
2016/08/09 12:23:15 DEBUG - org.apache.http.wire:  << "<address>Apache/2.2.16 (Debian) Server at x-aip-live-05.ingenta.com Port 80</address>[\n]" 
2016/08/09 12:23:15 DEBUG - org.apache.http.wire:  << "</body></html>[\n]" 
2016/08/09 12:23:15 DEBUG - org.apache.jmeter.protocol.http.sampler.MeasuringConnectionManager: Connection [id: 6][route: {}->http://x-aip-live-05.ingenta.com:80][state: Aip Visitors 1-7] can be kept alive for 2000 MILLISECONDS 
2016/08/09 12:23:15 DEBUG - org.apache.jmeter.protocol.http.sampler.MeasuringConnectionManager: Connection released: [id: 6][route: {}->http://x-aip-live-05.ingenta.com:80][state: Aip Visitors 1-7][total kept alive: 1; route allocated: 1 of 2; total allocated: 1 of 20] 
2016/08/09 12:23:15 INFO  - jmeter.threads.JMeterThread: Stop Thread detected by thread: Aip Visitors 1-7 
2016/08/09 12:23:15 INFO  - jmeter.threads.JMeterThread: Thread finished: Aip Visitors 1-7 
2016/08/09 12:23:15 DEBUG - org.apache.jmeter.protocol.http.sampler.MeasuringConnectionManager: Connection manager is shutting down 
2016/08/09 12:23:15 DEBUG - org.apache.jmeter.protocol.http.sampler.JMeterClientConnectionOperator$JMeterDefaultClientConnection: Connection 0.0.0.0:51184<->93.91.26.179:80 closed 
2016/08/09 12:23:15 DEBUG - org.apache.jmeter.protocol.http.sampler.JMeterClientConnectionOperator$JMeterDefaultClientConnection: Connection 0.0.0.0:51184<->93.91.26.179:80 closed 
2016/08/09 12:23:15 DEBUG - org.apache.jmeter.protocol.http.sampler.MeasuringConnectionManager: Connection manager shut down 
2016/08/09 12:23:15 DEBUG - org.apache.jmeter.protocol.http.sampler.MeasuringConnectionManager: Connection manager is shutting down 
2016/08/09 12:23:15 DEBUG - org.apache.jmeter.protocol.http.sampler.MeasuringConnectionManager: Connection manager shut down 
2016/08/09 12:23:15 INFO  - jmeter.threads.JMeterThread: Thread started: Aip Visitors 1-9 
2016/08/09 12:23:15 DEBUG - org.apache.jmeter.protocol.http.sampler.MeasuringConnectionManager: Connection request: [route: {}->http://x-aip-live-05.ingenta.com:80][state: Aip Visitors 1-9][total kept alive: 0; route allocated: 0 of 2; total allocated: 0 of 20] 
2016/08/09 12:23:15 DEBUG - org.apache.jmeter.protocol.http.sampler.MeasuringConnectionManager: Connection leased: [id: 8][route: {}->http://x-aip-live-05.ingenta.com:80][total kept alive: 0; route allocated: 1 of 2; total allocated: 1 of 20] 
2016/08/09 12:23:15 DEBUG - org.apache.jmeter.protocol.http.sampler.JMeterClientConnectionOperator: Connecting to x-aip-live-05.ingenta.com:80 
2016/08/09 12:23:15 DEBUG - org.apache.http.client.protocol.RequestAddCookies: CookieSpec selected: ignoreCookies 
2016/08/09 12:23:15 DEBUG - org.apache.http.client.protocol.RequestAuthCache: Auth cache not set in the context 
2016/08/09 12:23:15 DEBUG - org.apache.http.client.protocol.RequestTargetAuthentication: Target auth state: UNCHALLENGED 
2016/08/09 12:23:15 DEBUG - org.apache.http.client.protocol.RequestProxyAuthentication: Proxy auth state: UNCHALLENGED 
2016/08/09 12:23:15 DEBUG - org.apache.jmeter.protocol.http.sampler.HTTPHC4Impl$7: Attempt 1 to execute request 
2016/08/09 12:23:15 DEBUG - org.apache.jmeter.protocol.http.sampler.JMeterClientConnectionOperator$JMeterDefaultClientConnection: Sending request: GET /index.html HTTP/1.1 
2016/08/09 12:23:15 DEBUG - org.apache.http.wire:  >> "GET /index.html HTTP/1.1[\r][\n]" 
2016/08/09 12:23:15 DEBUG - org.apache.http.wire:  >> "Connection: keep-alive[\r][\n]" 
2016/08/09 12:23:15 DEBUG - org.apache.http.wire:  >> "Host: x-aip-live-05.ingenta.com[\r][\n]" 
2016/08/09 12:23:15 DEBUG - org.apache.http.wire:  >> "User-Agent: Apache-HttpClient/4.5.2 (Java/1.8.0_66)[\r][\n]" 
2016/08/09 12:23:15 DEBUG - org.apache.http.wire:  >> "[\r][\n]" 
2016/08/09 12:23:15 DEBUG - org.apache.http.headers: >> GET /index.html HTTP/1.1 
2016/08/09 12:23:15 DEBUG - org.apache.http.headers: >> Connection: keep-alive 
2016/08/09 12:23:15 DEBUG - org.apache.http.headers: >> Host: x-aip-live-05.ingenta.com 
2016/08/09 12:23:15 DEBUG - org.apache.http.headers: >> User-Agent: Apache-HttpClient/4.5.2 (Java/1.8.0_66) 
2016/08/09 12:23:15 DEBUG - org.apache.http.wire:  << "HTTP/1.1 401 Authorization Required[\r][\n]" 
2016/08/09 12:23:15 DEBUG - org.apache.http.wire:  << "Date: Tue, 09 Aug 2016 06:53:15 GMT[\r][\n]" 
2016/08/09 12:23:15 DEBUG - org.apache.http.wire:  << "Server: Apache/2.2.16 (Debian)[\r][\n]" 
2016/08/09 12:23:15 DEBUG - org.apache.http.wire:  << "WWW-Authenticate: Basic realm="Beta Pub2Web"[\r][\n]" 
2016/08/09 12:23:15 DEBUG - org.apache.http.wire:  << "Vary: Accept-Encoding[\r][\n]" 
2016/08/09 12:23:15 DEBUG - org.apache.http.wire:  << "Content-Length: 492[\r][\n]" 
2016/08/09 12:23:15 DEBUG - org.apache.http.wire:  << "Keep-Alive: timeout=2, max=100[\r][\n]" 
2016/08/09 12:23:15 DEBUG - org.apache.http.wire:  << "Connection: Keep-Alive[\r][\n]" 
2016/08/09 12:23:15 DEBUG - org.apache.http.wire:  << "Content-Type: text/html; charset=iso-8859-1[\r][\n]" 
2016/08/09 12:23:15 DEBUG - org.apache.http.wire:  << "[\r][\n]" 
2016/08/09 12:23:15 DEBUG - org.apache.jmeter.protocol.http.sampler.JMeterClientConnectionOperator$JMeterDefaultClientConnection: Receiving response: HTTP/1.1 401 Authorization Required 
2016/08/09 12:23:15 DEBUG - org.apache.http.headers: << HTTP/1.1 401 Authorization Required 
2016/08/09 12:23:15 DEBUG - org.apache.http.headers: << Date: Tue, 09 Aug 2016 06:53:15 GMT 
2016/08/09 12:23:15 DEBUG - org.apache.http.headers: << Server: Apache/2.2.16 (Debian) 
2016/08/09 12:23:15 DEBUG - org.apache.http.headers: << WWW-Authenticate: Basic realm="Beta Pub2Web" 
2016/08/09 12:23:15 DEBUG - org.apache.http.headers: << Vary: Accept-Encoding 
2016/08/09 12:23:15 DEBUG - org.apache.http.headers: << Content-Length: 492 
2016/08/09 12:23:15 DEBUG - org.apache.http.headers: << Keep-Alive: timeout=2, max=100 
2016/08/09 12:23:15 DEBUG - org.apache.http.headers: << Connection: Keep-Alive 
2016/08/09 12:23:15 DEBUG - org.apache.http.headers: << Content-Type: text/html; charset=iso-8859-1 
2016/08/09 12:23:15 DEBUG - org.apache.jmeter.protocol.http.sampler.HTTPHC4Impl$7: Connection can be kept alive for 2000 MILLISECONDS 
2016/08/09 12:23:15 DEBUG - org.apache.jmeter.protocol.http.sampler.HTTPHC4Impl$7: Authentication required 
2016/08/09 12:23:15 DEBUG - org.apache.jmeter.protocol.http.sampler.HTTPHC4Impl$7: x-aip-live-05.ingenta.com:80 requested authentication 
2016/08/09 12:23:15 DEBUG - org.apache.http.impl.client.TargetAuthenticationStrategy: Authentication schemes in the order of preference: [Negotiate, Kerberos, NTLM, Digest, Basic] 
2016/08/09 12:23:15 DEBUG - org.apache.http.impl.client.TargetAuthenticationStrategy: Challenge for Negotiate authentication scheme not available 
2016/08/09 12:23:15 DEBUG - org.apache.http.impl.client.TargetAuthenticationStrategy: Challenge for Kerberos authentication scheme not available 
2016/08/09 12:23:15 DEBUG - org.apache.http.impl.client.TargetAuthenticationStrategy: Challenge for NTLM authentication scheme not available 
2016/08/09 12:23:15 DEBUG - org.apache.http.impl.client.TargetAuthenticationStrategy: Challenge for Digest authentication scheme not available 
2016/08/09 12:23:15 DEBUG - org.apache.http.wire:  << "<!DOCTYPE HTML PUBLIC "-//IETF//DTD HTML 2.0//EN">[\n]" 
2016/08/09 12:23:15 DEBUG - org.apache.http.wire:  << "<html><head>[\n]" 
2016/08/09 12:23:15 DEBUG - org.apache.http.wire:  << "<title>401 Authorization Required</title>[\n]" 
2016/08/09 12:23:15 DEBUG - org.apache.http.wire:  << "</head><body>[\n]" 
2016/08/09 12:23:15 DEBUG - org.apache.http.wire:  << "<h1>Authorization Required</h1>[\n]" 
2016/08/09 12:23:15 DEBUG - org.apache.http.wire:  << "<p>This server could not verify that you[\n]" 
2016/08/09 12:23:15 DEBUG - org.apache.http.wire:  << "are authorized to access the document[\n]" 
2016/08/09 12:23:15 DEBUG - org.apache.http.wire:  << "requested.  Either you supplied the wrong[\n]" 
2016/08/09 12:23:15 DEBUG - org.apache.http.wire:  << "credentials (e.g., bad password), or your[\n]" 
2016/08/09 12:23:15 DEBUG - org.apache.http.wire:  << "browser doesn't understand how to supply[\n]" 
2016/08/09 12:23:15 DEBUG - org.apache.http.wire:  << "the credentials required.</p>[\n]" 
2016/08/09 12:23:15 DEBUG - org.apache.http.wire:  << "<hr>[\n]" 
2016/08/09 12:23:15 DEBUG - org.apache.http.wire:  << "<address>Apache/2.2.16 (Debian) Server at x-aip-live-05.ingenta.com Port 80</address>[\n]" 
2016/08/09 12:23:15 DEBUG - org.apache.http.wire:  << "</body></html>[\n]" 
2016/08/09 12:23:15 DEBUG - org.apache.jmeter.protocol.http.sampler.MeasuringConnectionManager: Connection [id: 7][route: {}->http://x-aip-live-05.ingenta.com:80][state: Aip Visitors 1-8] can be kept alive for 2000 MILLISECONDS 
2016/08/09 12:23:15 DEBUG - org.apache.jmeter.protocol.http.sampler.MeasuringConnectionManager: Connection released: [id: 7][route: {}->http://x-aip-live-05.ingenta.com:80][state: Aip Visitors 1-8][total kept alive: 1; route allocated: 1 of 2; total allocated: 1 of 20] 
2016/08/09 12:23:15 INFO  - jmeter.threads.JMeterThread: Stop Thread detected by thread: Aip Visitors 1-8 
2016/08/09 12:23:15 INFO  - jmeter.threads.JMeterThread: Thread finished: Aip Visitors 1-8 
2016/08/09 12:23:15 DEBUG - org.apache.jmeter.protocol.http.sampler.MeasuringConnectionManager: Connection manager is shutting down 
2016/08/09 12:23:15 DEBUG - org.apache.jmeter.protocol.http.sampler.JMeterClientConnectionOperator$JMeterDefaultClientConnection: Connection 0.0.0.0:51186<->93.91.26.179:80 closed 
2016/08/09 12:23:15 DEBUG - org.apache.jmeter.protocol.http.sampler.JMeterClientConnectionOperator$JMeterDefaultClientConnection: Connection 0.0.0.0:51186<->93.91.26.179:80 closed 
2016/08/09 12:23:15 DEBUG - org.apache.jmeter.protocol.http.sampler.MeasuringConnectionManager: Connection manager shut down 
2016/08/09 12:23:15 DEBUG - org.apache.jmeter.protocol.http.sampler.MeasuringConnectionManager: Connection manager is shutting down 
2016/08/09 12:23:15 DEBUG - org.apache.jmeter.protocol.http.sampler.MeasuringConnectionManager: Connection manager shut down 
2016/08/09 12:23:15 INFO  - jmeter.threads.JMeterThread: Thread started: Aip Visitors 1-10 
2016/08/09 12:23:15 DEBUG - org.apache.jmeter.protocol.http.sampler.MeasuringConnectionManager: Connection request: [route: {}->http://x-aip-live-05.ingenta.com:80][state: Aip Visitors 1-10][total kept alive: 0; route allocated: 0 of 2; total allocated: 0 of 20] 
2016/08/09 12:23:15 DEBUG - org.apache.jmeter.protocol.http.sampler.MeasuringConnectionManager: Connection leased: [id: 9][route: {}->http://x-aip-live-05.ingenta.com:80][total kept alive: 0; route allocated: 1 of 2; total allocated: 1 of 20] 
2016/08/09 12:23:15 DEBUG - org.apache.jmeter.protocol.http.sampler.JMeterClientConnectionOperator: Connecting to x-aip-live-05.ingenta.com:80 
2016/08/09 12:23:15 DEBUG - org.apache.http.client.protocol.RequestAddCookies: CookieSpec selected: ignoreCookies 
2016/08/09 12:23:15 DEBUG - org.apache.http.client.protocol.RequestAuthCache: Auth cache not set in the context 
2016/08/09 12:23:15 DEBUG - org.apache.http.client.protocol.RequestTargetAuthentication: Target auth state: UNCHALLENGED 
2016/08/09 12:23:15 DEBUG - org.apache.http.client.protocol.RequestProxyAuthentication: Proxy auth state: UNCHALLENGED 
2016/08/09 12:23:15 DEBUG - org.apache.jmeter.protocol.http.sampler.HTTPHC4Impl$7: Attempt 1 to execute request 
2016/08/09 12:23:15 DEBUG - org.apache.jmeter.protocol.http.sampler.JMeterClientConnectionOperator$JMeterDefaultClientConnection: Sending request: GET /index.html HTTP/1.1 
2016/08/09 12:23:15 DEBUG - org.apache.http.wire:  >> "GET /index.html HTTP/1.1[\r][\n]" 
2016/08/09 12:23:15 DEBUG - org.apache.http.wire:  >> "Connection: keep-alive[\r][\n]" 
2016/08/09 12:23:15 DEBUG - org.apache.http.wire:  >> "Host: x-aip-live-05.ingenta.com[\r][\n]" 
2016/08/09 12:23:15 DEBUG - org.apache.http.wire:  >> "User-Agent: Apache-HttpClient/4.5.2 (Java/1.8.0_66)[\r][\n]" 
2016/08/09 12:23:15 DEBUG - org.apache.http.wire:  >> "[\r][\n]" 
2016/08/09 12:23:15 DEBUG - org.apache.http.headers: >> GET /index.html HTTP/1.1 
2016/08/09 12:23:15 DEBUG - org.apache.http.headers: >> Connection: keep-alive 
2016/08/09 12:23:15 DEBUG - org.apache.http.headers: >> Host: x-aip-live-05.ingenta.com 
2016/08/09 12:23:15 DEBUG - org.apache.http.headers: >> User-Agent: Apache-HttpClient/4.5.2 (Java/1.8.0_66) 
2016/08/09 12:23:16 DEBUG - org.apache.http.wire:  << "HTTP/1.1 401 Authorization Required[\r][\n]" 
2016/08/09 12:23:16 DEBUG - org.apache.http.wire:  << "Date: Tue, 09 Aug 2016 06:53:15 GMT[\r][\n]" 
2016/08/09 12:23:16 DEBUG - org.apache.http.wire:  << "Server: Apache/2.2.16 (Debian)[\r][\n]" 
2016/08/09 12:23:16 DEBUG - org.apache.http.wire:  << "WWW-Authenticate: Basic realm="Beta Pub2Web"[\r][\n]" 
2016/08/09 12:23:16 DEBUG - org.apache.http.wire:  << "Vary: Accept-Encoding[\r][\n]" 
2016/08/09 12:23:16 DEBUG - org.apache.http.wire:  << "Content-Length: 492[\r][\n]" 
2016/08/09 12:23:16 DEBUG - org.apache.http.wire:  << "Keep-Alive: timeout=2, max=100[\r][\n]" 
2016/08/09 12:23:16 DEBUG - org.apache.http.wire:  << "Connection: Keep-Alive[\r][\n]" 
2016/08/09 12:23:16 DEBUG - org.apache.http.wire:  << "Content-Type: text/html; charset=iso-8859-1[\r][\n]" 
2016/08/09 12:23:16 DEBUG - org.apache.http.wire:  << "[\r][\n]" 
2016/08/09 12:23:16 DEBUG - org.apache.jmeter.protocol.http.sampler.JMeterClientConnectionOperator$JMeterDefaultClientConnection: Receiving response: HTTP/1.1 401 Authorization Required 
2016/08/09 12:23:16 DEBUG - org.apache.http.headers: << HTTP/1.1 401 Authorization Required 
2016/08/09 12:23:16 DEBUG - org.apache.http.headers: << Date: Tue, 09 Aug 2016 06:53:15 GMT 
2016/08/09 12:23:16 DEBUG - org.apache.http.headers: << Server: Apache/2.2.16 (Debian) 
2016/08/09 12:23:16 DEBUG - org.apache.http.headers: << WWW-Authenticate: Basic realm="Beta Pub2Web" 
2016/08/09 12:23:16 DEBUG - org.apache.http.headers: << Vary: Accept-Encoding 
2016/08/09 12:23:16 DEBUG - org.apache.http.headers: << Content-Length: 492 
2016/08/09 12:23:16 DEBUG - org.apache.http.headers: << Keep-Alive: timeout=2, max=100 
2016/08/09 12:23:16 DEBUG - org.apache.http.headers: << Connection: Keep-Alive 
2016/08/09 12:23:16 DEBUG - org.apache.http.headers: << Content-Type: text/html; charset=iso-8859-1 
2016/08/09 12:23:16 DEBUG - org.apache.jmeter.protocol.http.sampler.HTTPHC4Impl$7: Connection can be kept alive for 2000 MILLISECONDS 
2016/08/09 12:23:16 DEBUG - org.apache.jmeter.protocol.http.sampler.HTTPHC4Impl$7: Authentication required 
2016/08/09 12:23:16 DEBUG - org.apache.jmeter.protocol.http.sampler.HTTPHC4Impl$7: x-aip-live-05.ingenta.com:80 requested authentication 
2016/08/09 12:23:16 DEBUG - org.apache.http.impl.client.TargetAuthenticationStrategy: Authentication schemes in the order of preference: [Negotiate, Kerberos, NTLM, Digest, Basic] 
2016/08/09 12:23:16 DEBUG - org.apache.http.impl.client.TargetAuthenticationStrategy: Challenge for Negotiate authentication scheme not available 
2016/08/09 12:23:16 DEBUG - org.apache.http.impl.client.TargetAuthenticationStrategy: Challenge for Kerberos authentication scheme not available 
2016/08/09 12:23:16 DEBUG - org.apache.http.impl.client.TargetAuthenticationStrategy: Challenge for NTLM authentication scheme not available 
2016/08/09 12:23:16 DEBUG - org.apache.http.impl.client.TargetAuthenticationStrategy: Challenge for Digest authentication scheme not available 
2016/08/09 12:23:16 DEBUG - org.apache.http.wire:  << "<!DOCTYPE HTML PUBLIC "-//IETF//DTD HTML 2.0//EN">[\n]" 
2016/08/09 12:23:16 DEBUG - org.apache.http.wire:  << "<html><head>[\n]" 
2016/08/09 12:23:16 DEBUG - org.apache.http.wire:  << "<title>401 Authorization Required</title>[\n]" 
2016/08/09 12:23:16 DEBUG - org.apache.http.wire:  << "</head><body>[\n]" 
2016/08/09 12:23:16 DEBUG - org.apache.http.wire:  << "<h1>Authorization Required</h1>[\n]" 
2016/08/09 12:23:16 DEBUG - org.apache.http.wire:  << "<p>This server could not verify that you[\n]" 
2016/08/09 12:23:16 DEBUG - org.apache.http.wire:  << "are authorized to access the document[\n]" 
2016/08/09 12:23:16 DEBUG - org.apache.http.wire:  << "requested.  Either you supplied the wrong[\n]" 
2016/08/09 12:23:16 DEBUG - org.apache.http.wire:  << "credentials (e.g., bad password), or your[\n]" 
2016/08/09 12:23:16 DEBUG - org.apache.http.wire:  << "browser doesn't understand how to supply[\n]" 
2016/08/09 12:23:16 DEBUG - org.apache.http.wire:  << "the credentials required.</p>[\n]" 
2016/08/09 12:23:16 DEBUG - org.apache.http.wire:  << "<hr>[\n]" 
2016/08/09 12:23:16 DEBUG - org.apache.http.wire:  << "<address>Apache/2.2.16 (Debian) Server at x-aip-live-05.ingenta.com Port 80</address>[\n]" 
2016/08/09 12:23:16 DEBUG - org.apache.http.wire:  << "</body></html>[\n]" 
2016/08/09 12:23:16 DEBUG - org.apache.jmeter.protocol.http.sampler.MeasuringConnectionManager: Connection [id: 8][route: {}->http://x-aip-live-05.ingenta.com:80][state: Aip Visitors 1-9] can be kept alive for 2000 MILLISECONDS 
2016/08/09 12:23:16 DEBUG - org.apache.jmeter.protocol.http.sampler.MeasuringConnectionManager: Connection released: [id: 8][route: {}->http://x-aip-live-05.ingenta.com:80][state: Aip Visitors 1-9][total kept alive: 1; route allocated: 1 of 2; total allocated: 1 of 20] 
2016/08/09 12:23:16 INFO  - jmeter.threads.JMeterThread: Stop Thread detected by thread: Aip Visitors 1-9 
2016/08/09 12:23:16 INFO  - jmeter.threads.JMeterThread: Thread finished: Aip Visitors 1-9 
2016/08/09 12:23:16 DEBUG - org.apache.jmeter.protocol.http.sampler.MeasuringConnectionManager: Connection manager is shutting down 
2016/08/09 12:23:16 DEBUG - org.apache.jmeter.protocol.http.sampler.JMeterClientConnectionOperator$JMeterDefaultClientConnection: Connection 0.0.0.0:51188<->93.91.26.179:80 closed 
2016/08/09 12:23:16 DEBUG - org.apache.jmeter.protocol.http.sampler.JMeterClientConnectionOperator$JMeterDefaultClientConnection: Connection 0.0.0.0:51188<->93.91.26.179:80 closed 
2016/08/09 12:23:16 DEBUG - org.apache.jmeter.protocol.http.sampler.MeasuringConnectionManager: Connection manager shut down 
2016/08/09 12:23:16 DEBUG - org.apache.jmeter.protocol.http.sampler.MeasuringConnectionManager: Connection manager is shutting down 
2016/08/09 12:23:16 DEBUG - org.apache.jmeter.protocol.http.sampler.MeasuringConnectionManager: Connection manager shut down 
2016/08/09 12:23:16 DEBUG - org.apache.http.wire:  << "HTTP/1.1 401 Authorization Required[\r][\n]" 
2016/08/09 12:23:16 DEBUG - org.apache.http.wire:  << "Date: Tue, 09 Aug 2016 06:53:16 GMT[\r][\n]" 
2016/08/09 12:23:16 DEBUG - org.apache.http.wire:  << "Server: Apache/2.2.16 (Debian)[\r][\n]" 
2016/08/09 12:23:16 DEBUG - org.apache.http.wire:  << "WWW-Authenticate: Basic realm="Beta Pub2Web"[\r][\n]" 
2016/08/09 12:23:16 DEBUG - org.apache.http.wire:  << "Vary: Accept-Encoding[\r][\n]" 
2016/08/09 12:23:16 DEBUG - org.apache.http.wire:  << "Content-Length: 492[\r][\n]" 
2016/08/09 12:23:16 DEBUG - org.apache.http.wire:  << "Keep-Alive: timeout=2, max=100[\r][\n]" 
2016/08/09 12:23:16 DEBUG - org.apache.http.wire:  << "Connection: Keep-Alive[\r][\n]" 
2016/08/09 12:23:16 DEBUG - org.apache.http.wire:  << "Content-Type: text/html; charset=iso-8859-1[\r][\n]" 
2016/08/09 12:23:16 DEBUG - org.apache.http.wire:  << "[\r][\n]" 
2016/08/09 12:23:16 DEBUG - org.apache.jmeter.protocol.http.sampler.JMeterClientConnectionOperator$JMeterDefaultClientConnection: Receiving response: HTTP/1.1 401 Authorization Required 
2016/08/09 12:23:16 DEBUG - org.apache.http.headers: << HTTP/1.1 401 Authorization Required 
2016/08/09 12:23:16 DEBUG - org.apache.http.headers: << Date: Tue, 09 Aug 2016 06:53:16 GMT 
2016/08/09 12:23:16 DEBUG - org.apache.http.headers: << Server: Apache/2.2.16 (Debian) 
2016/08/09 12:23:16 DEBUG - org.apache.http.headers: << WWW-Authenticate: Basic realm="Beta Pub2Web" 
2016/08/09 12:23:16 DEBUG - org.apache.http.headers: << Vary: Accept-Encoding 
2016/08/09 12:23:16 DEBUG - org.apache.http.headers: << Content-Length: 492 
2016/08/09 12:23:16 DEBUG - org.apache.http.headers: << Keep-Alive: timeout=2, max=100 
2016/08/09 12:23:16 DEBUG - org.apache.http.headers: << Connection: Keep-Alive 
2016/08/09 12:23:16 DEBUG - org.apache.http.headers: << Content-Type: text/html; charset=iso-8859-1 
2016/08/09 12:23:16 DEBUG - org.apache.jmeter.protocol.http.sampler.HTTPHC4Impl$7: Connection can be kept alive for 2000 MILLISECONDS 
2016/08/09 12:23:16 DEBUG - org.apache.jmeter.protocol.http.sampler.HTTPHC4Impl$7: Authentication required 
2016/08/09 12:23:16 DEBUG - org.apache.jmeter.protocol.http.sampler.HTTPHC4Impl$7: x-aip-live-05.ingenta.com:80 requested authentication 
2016/08/09 12:23:16 DEBUG - org.apache.http.impl.client.TargetAuthenticationStrategy: Authentication schemes in the order of preference: [Negotiate, Kerberos, NTLM, Digest, Basic] 
2016/08/09 12:23:16 DEBUG - org.apache.http.impl.client.TargetAuthenticationStrategy: Challenge for Negotiate authentication scheme not available 
2016/08/09 12:23:16 DEBUG - org.apache.http.impl.client.TargetAuthenticationStrategy: Challenge for Kerberos authentication scheme not available 
2016/08/09 12:23:16 DEBUG - org.apache.http.impl.client.TargetAuthenticationStrategy: Challenge for NTLM authentication scheme not available 
2016/08/09 12:23:16 DEBUG - org.apache.http.impl.client.TargetAuthenticationStrategy: Challenge for Digest authentication scheme not available 
2016/08/09 12:23:16 DEBUG - org.apache.http.wire:  << "<!DOCTYPE HTML PUBLIC "-//IETF//DTD HTML 2.0//EN">[\n]" 
2016/08/09 12:23:16 DEBUG - org.apache.http.wire:  << "<html><head>[\n]" 
2016/08/09 12:23:16 DEBUG - org.apache.http.wire:  << "<title>401 Authorization Required</title>[\n]" 
2016/08/09 12:23:16 DEBUG - org.apache.http.wire:  << "</head><body>[\n]" 
2016/08/09 12:23:16 DEBUG - org.apache.http.wire:  << "<h1>Authorization Required</h1>[\n]" 
2016/08/09 12:23:16 DEBUG - org.apache.http.wire:  << "<p>This server could not verify that you[\n]" 
2016/08/09 12:23:16 DEBUG - org.apache.http.wire:  << "are authorized to access the document[\n]" 
2016/08/09 12:23:16 DEBUG - org.apache.http.wire:  << "requested.  Either you supplied the wrong[\n]" 
2016/08/09 12:23:16 DEBUG - org.apache.http.wire:  << "credentials (e.g., bad password), or your[\n]" 
2016/08/09 12:23:16 DEBUG - org.apache.http.wire:  << "browser doesn't understand how to supply[\n]" 
2016/08/09 12:23:16 DEBUG - org.apache.http.wire:  << "the credentials required.</p>[\n]" 
2016/08/09 12:23:16 DEBUG - org.apache.http.wire:  << "<hr>[\n]" 
2016/08/09 12:23:16 DEBUG - org.apache.http.wire:  << "<address>Apache/2.2.16 (Debian) Server at x-aip-live-05.ingenta.com Port 80</address>[\n]" 
2016/08/09 12:23:16 DEBUG - org.apache.http.wire:  << "</body></html>[\n]" 
2016/08/09 12:23:16 DEBUG - org.apache.jmeter.protocol.http.sampler.MeasuringConnectionManager: Connection [id: 9][route: {}->http://x-aip-live-05.ingenta.com:80][state: Aip Visitors 1-10] can be kept alive for 2000 MILLISECONDS 
2016/08/09 12:23:16 DEBUG - org.apache.jmeter.protocol.http.sampler.MeasuringConnectionManager: Connection released: [id: 9][route: {}->http://x-aip-live-05.ingenta.com:80][state: Aip Visitors 1-10][total kept alive: 1; route allocated: 1 of 2; total allocated: 1 of 20] 
2016/08/09 12:23:16 INFO  - jmeter.threads.JMeterThread: Stop Thread detected by thread: Aip Visitors 1-10 
2016/08/09 12:23:16 INFO  - jmeter.threads.JMeterThread: Thread finished: Aip Visitors 1-10 
2016/08/09 12:23:16 DEBUG - org.apache.jmeter.protocol.http.sampler.MeasuringConnectionManager: Connection manager is shutting down 
2016/08/09 12:23:16 DEBUG - org.apache.jmeter.protocol.http.sampler.JMeterClientConnectionOperator$JMeterDefaultClientConnection: Connection 0.0.0.0:51190<->93.91.26.179:80 closed 
2016/08/09 12:23:16 DEBUG - org.apache.jmeter.protocol.http.sampler.JMeterClientConnectionOperator$JMeterDefaultClientConnection: Connection 0.0.0.0:51190<->93.91.26.179:80 closed 
2016/08/09 12:23:16 DEBUG - org.apache.jmeter.protocol.http.sampler.MeasuringConnectionManager: Connection manager shut down 
2016/08/09 12:23:16 DEBUG - org.apache.jmeter.protocol.http.sampler.MeasuringConnectionManager: Connection manager is shutting down 
2016/08/09 12:23:16 DEBUG - org.apache.jmeter.protocol.http.sampler.MeasuringConnectionManager: Connection manager shut down 
2016/08/09 12:23:16 INFO  - jmeter.engine.StandardJMeterEngine: Notifying test listeners of end of test 
2016/08/09 12:23:16 INFO  - jmeter.reporters.Summariser: summary =     10 in 00:00:02 =    4.4/s Avg:   440 Min:   306 Max:   829 Err:    10 (100.00%) 
